The system is: Darwin - 18.5.0 - x86_64
Compiling the C compiler identification source file "CMakeCCompilerId.c" succeeded.
Compiler: /usr/local/Cellar/gcc/8.3.0_2/bin/gcc-8 
Build flags: 
Id flags:  

The output was:
0


Compilation of the C compiler identification source "CMakeCCompilerId.c" produced "a.out"

The C compiler identification is GNU, found in "/Users/dong/Desktop/lianxi/lianxiplus/3.7.1/cmake-build-debug/CMakeFiles/3.14.2/CompilerIdC/a.out"

Compiling the CXX compiler identification source file "CMakeCXXCompilerId.cpp" succeeded.
Compiler: /usr/local/Cellar/gcc/8.3.0_2/bin/g++-8 
Build flags: 
Id flags:  

The output was:
0


Compilation of the CXX compiler identification source "CMakeCXXCompilerId.cpp" produced "a.out"

The CXX compiler identification is GNU, found in "/Users/dong/Desktop/lianxi/lianxiplus/3.7.1/cmake-build-debug/CMakeFiles/3.14.2/CompilerIdCXX/a.out"

Determining if the C compiler works passed with the following output:
Change Dir: /Users/dong/Desktop/lianxi/lianxiplus/3.7.1/cmake-build-debug/CMakeFiles/CMakeTmp

Run Build Command(s):/usr/bin/make cmTC_e317d/fast 
/Library/Developer/CommandLineTools/usr/bin/make -f CMakeFiles/cmTC_e317d.dir/build.make CMakeFiles/cmTC_e317d.dir/build
Building C object CMakeFiles/cmTC_e317d.dir/testCCompiler.c.o
/usr/local/Cellar/gcc/8.3.0_2/bin/gcc-8   -isysroot /Library/Developer/CommandLineTools/SDKs/MacOSX10.14.sdk   -o CMakeFiles/cmTC_e317d.dir/testCCompiler.c.o   -c /Users/dong/Desktop/lianxi/lianxiplus/3.7.1/cmake-build-debug/CMakeFiles/CMakeTmp/testCCompiler.c
Linking C executable cmTC_e317d
/Applications/CLion.app/Contents/bin/cmake/mac/bin/cmake -E cmake_link_script CMakeFiles/cmTC_e317d.dir/link.txt --verbose=1
/usr/local/Cellar/gcc/8.3.0_2/bin/gcc-8   -isysroot /Library/Developer/CommandLineTools/SDKs/MacOSX10.14.sdk -Wl,-search_paths_first -Wl,-headerpad_max_install_names   CMakeFiles/cmTC_e317d.dir/testCCompiler.c.o  -o cmTC_e317d 


Detecting C compiler ABI info compiled with the following output:
Change Dir: /Users/dong/Desktop/lianxi/lianxiplus/3.7.1/cmake-build-debug/CMakeFiles/CMakeTmp

Run Build Command(s):/usr/bin/make cmTC_76213/fast 
/Library/Developer/CommandLineTools/usr/bin/make -f CMakeFiles/cmTC_76213.dir/build.make CMakeFiles/cmTC_76213.dir/build
Building C object CMakeFiles/cmTC_76213.dir/CMakeCCompilerABI.c.o
/usr/local/Cellar/gcc/8.3.0_2/bin/gcc-8   -isysroot /Library/Developer/CommandLineTools/SDKs/MacOSX10.14.sdk   -v -Wl,-v -o CMakeFiles/cmTC_76213.dir/CMakeCCompilerABI.c.o   -c /Applications/CLion.app/Contents/bin/cmake/mac/share/cmake-3.14/Modules/CMakeCCompilerABI.c
Using built-in specs.
COLLECT_GCC=/usr/local/Cellar/gcc/8.3.0_2/bin/gcc-8
Target: x86_64-apple-darwin18
Configured with: ../configure --build=x86_64-apple-darwin18 --prefix=/usr/local/Cellar/gcc/8.3.0_2 --libdir=/usr/local/Cellar/gcc/8.3.0_2/lib/gcc/8 --disable-nls --enable-checking=release --enable-languages=c,c++,objc,obj-c++,fortran --program-suffix=-8 --with-gmp=/usr/local/opt/gmp --with-mpfr=/usr/local/opt/mpfr --with-mpc=/usr/local/opt/libmpc --with-isl=/usr/local/opt/isl --with-system-zlib --with-pkgversion='Homebrew GCC 8.3.0_2' --with-bugurl=https://github.com/Homebrew/homebrew-core/issues --disable-multilib --with-native-system-header-dir=/usr/include --with-sysroot=/Library/Developer/CommandLineTools/SDKs/MacOSX.sdk
Thread model: posix
gcc version 8.3.0 (Homebrew GCC 8.3.0_2) 
COLLECT_GCC_OPTIONS='-isysroot' '/Library/Developer/CommandLineTools/SDKs/MacOSX10.14.sdk' '-v' '-o' 'CMakeFiles/cmTC_76213.dir/CMakeCCompilerABI.c.o' '-c' '-mmacosx-version-min=10.14.0' '-asm_macosx_version_min=10.14' '-mtune=core2'
 /usr/local/Cellar/gcc/8.3.0_2/libexec/gcc/x86_64-apple-darwin18/8.3.0/cc1 -quiet -v -D__DYNAMIC__ -isysroot /Library/Developer/CommandLineTools/SDKs/MacOSX10.14.sdk /Applications/CLion.app/Contents/bin/cmake/mac/share/cmake-3.14/Modules/CMakeCCompilerABI.c -fPIC -quiet -dumpbase CMakeCCompilerABI.c -mmacosx-version-min=10.14.0 -mtune=core2 -auxbase-strip CMakeFiles/cmTC_76213.dir/CMakeCCompilerABI.c.o -version -o /var/folders/dz/snz49wx93xj6ylhs8hfg5p080000gn/T//ccGoi1P0.s
GNU C17 (Homebrew GCC 8.3.0_2) version 8.3.0 (x86_64-apple-darwin18)
	compiled by GNU C version 8.3.0, GMP version 6.1.2, MPFR version 4.0.2, MPC version 1.1.0, isl version isl-0.21-GMP

GGC heuristics: --param ggc-min-expand=100 --param ggc-min-heapsize=131072
ignoring nonexistent directory "/Library/Developer/CommandLineTools/SDKs/MacOSX10.14.sdk/usr/local/include"
ignoring nonexistent directory "/usr/local/Cellar/gcc/8.3.0_2/lib/gcc/8/gcc/x86_64-apple-darwin18/8.3.0/../../../../../../x86_64-apple-darwin18/include"
ignoring nonexistent directory "/Library/Developer/CommandLineTools/SDKs/MacOSX10.14.sdk/Library/Frameworks"
#include "..." search starts here:
#include <...> search starts here:
 /usr/local/Cellar/gcc/8.3.0_2/lib/gcc/8/gcc/x86_64-apple-darwin18/8.3.0/include
 /usr/local/Cellar/gcc/8.3.0_2/lib/gcc/8/gcc/x86_64-apple-darwin18/8.3.0/include-fixed
 /Library/Developer/CommandLineTools/SDKs/MacOSX10.14.sdk/usr/include
 /Library/Developer/CommandLineTools/SDKs/MacOSX10.14.sdk/System/Library/Frameworks
End of search list.
GNU C17 (Homebrew GCC 8.3.0_2) version 8.3.0 (x86_64-apple-darwin18)
	compiled by GNU C version 8.3.0, GMP version 6.1.2, MPFR version 4.0.2, MPC version 1.1.0, isl version isl-0.21-GMP

GGC heuristics: --param ggc-min-expand=100 --param ggc-min-heapsize=131072
Compiler executable checksum: 584faad6622c278918e4f7bc19bd43db
COLLECT_GCC_OPTIONS='-isysroot' '/Library/Developer/CommandLineTools/SDKs/MacOSX10.14.sdk' '-v' '-o' 'CMakeFiles/cmTC_76213.dir/CMakeCCompilerABI.c.o' '-c' '-mmacosx-version-min=10.14.0'  '-mtune=core2'
 as -arch x86_64 -v -force_cpusubtype_ALL -mmacosx-version-min=10.14 -o CMakeFiles/cmTC_76213.dir/CMakeCCompilerABI.c.o /var/folders/dz/snz49wx93xj6ylhs8hfg5p080000gn/T//ccGoi1P0.s
Apple LLVM version 10.0.1 (clang-1001.0.46.4)
Target: x86_64-apple-darwin18.5.0
Thread model: posix
InstalledDir: /Library/Developer/CommandLineTools/usr/bin
 "/Library/Developer/CommandLineTools/usr/bin/clang" -cc1as -triple x86_64-apple-macosx10.14.0 -filetype obj -main-file-name ccGoi1P0.s -target-cpu penryn -fdebug-compilation-dir /Users/dong/Desktop/lianxi/lianxiplus/3.7.1/cmake-build-debug/CMakeFiles/CMakeTmp -dwarf-debug-producer Apple LLVM version 10.0.1 (clang-1001.0.46.4) -dwarf-version=4 -mrelocation-model pic -o CMakeFiles/cmTC_76213.dir/CMakeCCompilerABI.c.o /var/folders/dz/snz49wx93xj6ylhs8hfg5p080000gn/T//ccGoi1P0.s
COMPILER_PATH=/usr/local/Cellar/gcc/8.3.0_2/libexec/gcc/x86_64-apple-darwin18/8.3.0/:/usr/local/Cellar/gcc/8.3.0_2/libexec/gcc/x86_64-apple-darwin18/8.3.0/:/usr/local/Cellar/gcc/8.3.0_2/libexec/gcc/x86_64-apple-darwin18/:/usr/local/Cellar/gcc/8.3.0_2/lib/gcc/8/gcc/x86_64-apple-darwin18/8.3.0/:/usr/local/Cellar/gcc/8.3.0_2/lib/gcc/8/gcc/x86_64-apple-darwin18/
LIBRARY_PATH=/usr/local/Cellar/gcc/8.3.0_2/lib/gcc/8/gcc/x86_64-apple-darwin18/8.3.0/:/usr/local/Cellar/gcc/8.3.0_2/lib/gcc/8/gcc/x86_64-apple-darwin18/8.3.0/../../../
COLLECT_GCC_OPTIONS='-isysroot' '/Library/Developer/CommandLineTools/SDKs/MacOSX10.14.sdk' '-v' '-o' 'CMakeFiles/cmTC_76213.dir/CMakeCCompilerABI.c.o' '-c' '-mmacosx-version-min=10.14.0'  '-mtune=core2'
Linking C executable cmTC_76213
/Applications/CLion.app/Contents/bin/cmake/mac/bin/cmake -E cmake_link_script CMakeFiles/cmTC_76213.dir/link.txt --verbose=1
/usr/local/Cellar/gcc/8.3.0_2/bin/gcc-8   -isysroot /Library/Developer/CommandLineTools/SDKs/MacOSX10.14.sdk -Wl,-search_paths_first -Wl,-headerpad_max_install_names  -v -Wl,-v CMakeFiles/cmTC_76213.dir/CMakeCCompilerABI.c.o  -o cmTC_76213 
Using built-in specs.
COLLECT_GCC=/usr/local/Cellar/gcc/8.3.0_2/bin/gcc-8
COLLECT_LTO_WRAPPER=/usr/local/Cellar/gcc/8.3.0_2/libexec/gcc/x86_64-apple-darwin18/8.3.0/lto-wrapper
Target: x86_64-apple-darwin18
Configured with: ../configure --build=x86_64-apple-darwin18 --prefix=/usr/local/Cellar/gcc/8.3.0_2 --libdir=/usr/local/Cellar/gcc/8.3.0_2/lib/gcc/8 --disable-nls --enable-checking=release --enable-languages=c,c++,objc,obj-c++,fortran --program-suffix=-8 --with-gmp=/usr/local/opt/gmp --with-mpfr=/usr/local/opt/mpfr --with-mpc=/usr/local/opt/libmpc --with-isl=/usr/local/opt/isl --with-system-zlib --with-pkgversion='Homebrew GCC 8.3.0_2' --with-bugurl=https://github.com/Homebrew/homebrew-core/issues --disable-multilib --with-native-system-header-dir=/usr/include --with-sysroot=/Library/Developer/CommandLineTools/SDKs/MacOSX.sdk
Thread model: posix
gcc version 8.3.0 (Homebrew GCC 8.3.0_2) 
COMPILER_PATH=/usr/local/Cellar/gcc/8.3.0_2/libexec/gcc/x86_64-apple-darwin18/8.3.0/:/usr/local/Cellar/gcc/8.3.0_2/libexec/gcc/x86_64-apple-darwin18/8.3.0/:/usr/local/Cellar/gcc/8.3.0_2/libexec/gcc/x86_64-apple-darwin18/:/usr/local/Cellar/gcc/8.3.0_2/lib/gcc/8/gcc/x86_64-apple-darwin18/8.3.0/:/usr/local/Cellar/gcc/8.3.0_2/lib/gcc/8/gcc/x86_64-apple-darwin18/
LIBRARY_PATH=/usr/local/Cellar/gcc/8.3.0_2/lib/gcc/8/gcc/x86_64-apple-darwin18/8.3.0/:/usr/local/Cellar/gcc/8.3.0_2/lib/gcc/8/gcc/x86_64-apple-darwin18/8.3.0/../../../
COLLECT_GCC_OPTIONS='-isysroot' '/Library/Developer/CommandLineTools/SDKs/MacOSX10.14.sdk' '-v' '-o' 'cmTC_76213' '-mmacosx-version-min=10.14.0' '-asm_macosx_version_min=10.14' '-mtune=core2'
 /usr/local/Cellar/gcc/8.3.0_2/libexec/gcc/x86_64-apple-darwin18/8.3.0/collect2 -dynamic -arch x86_64 -macosx_version_min 10.14.0 -syslibroot /Library/Developer/CommandLineTools/SDKs/MacOSX10.14.sdk -weak_reference_mismatches non-weak -o cmTC_76213 -L/usr/local/Cellar/gcc/8.3.0_2/lib/gcc/8/gcc/x86_64-apple-darwin18/8.3.0 -L/usr/local/Cellar/gcc/8.3.0_2/lib/gcc/8/gcc/x86_64-apple-darwin18/8.3.0/../../.. -search_paths_first -headerpad_max_install_names -v CMakeFiles/cmTC_76213.dir/CMakeCCompilerABI.c.o -no_compact_unwind -lSystem -lgcc_ext.10.5 -lgcc -lSystem -v
collect2 version 8.3.0
/usr/bin/ld -dynamic -arch x86_64 -macosx_version_min 10.14.0 -syslibroot /Library/Developer/CommandLineTools/SDKs/MacOSX10.14.sdk -weak_reference_mismatches non-weak -o cmTC_76213 -L/usr/local/Cellar/gcc/8.3.0_2/lib/gcc/8/gcc/x86_64-apple-darwin18/8.3.0 -L/usr/local/Cellar/gcc/8.3.0_2/lib/gcc/8/gcc/x86_64-apple-darwin18/8.3.0/../../.. -search_paths_first -headerpad_max_install_names -v CMakeFiles/cmTC_76213.dir/CMakeCCompilerABI.c.o -no_compact_unwind -lSystem -lgcc_ext.10.5 -lgcc -lSystem -v
@(#)PROGRAM:ld  PROJECT:ld64-450.3
BUILD 18:45:16 Apr  4 2019
configured to support archs: armv6 armv7 armv7s arm64 arm64e arm64_32 i386 x86_64 x86_64h armv6m armv7k armv7m armv7em
@(#)PROGRAM:ld  PROJECT:ld64-450.3
BUILD 18:45:16 Apr  4 2019
configured to support archs: armv6 armv7 armv7s arm64 arm64e arm64_32 i386 x86_64 x86_64h armv6m armv7k armv7m armv7em
Library search paths:
	/usr/local/Cellar/gcc/8.3.0_2/lib/gcc/8/gcc/x86_64-apple-darwin18/8.3.0
	/usr/local/Cellar/gcc/8.3.0_2/lib/gcc/8
	/Library/Developer/CommandLineTools/SDKs/MacOSX10.14.sdk/usr/lib
Framework search paths:
	/Library/Developer/CommandLineTools/SDKs/MacOSX10.14.sdk/System/Library/Frameworks/
 /usr/bin/nm -n CMakeFiles/cmTC_76213.dir/CMakeCCompilerABI.c.o


Parsed C implicit include dir info from above output: rv=done
  found start of include info
  found start of implicit include info
    add: [/usr/local/Cellar/gcc/8.3.0_2/lib/gcc/8/gcc/x86_64-apple-darwin18/8.3.0/include]
    add: [/usr/local/Cellar/gcc/8.3.0_2/lib/gcc/8/gcc/x86_64-apple-darwin18/8.3.0/include-fixed]
    add: [/Library/Developer/CommandLineTools/SDKs/MacOSX10.14.sdk/usr/include]
    add: [/Library/Developer/CommandLineTools/SDKs/MacOSX10.14.sdk/System/Library/Frameworks]
  end of search list found
  collapse include dir [/usr/local/Cellar/gcc/8.3.0_2/lib/gcc/8/gcc/x86_64-apple-darwin18/8.3.0/include] ==> [/usr/local/Cellar/gcc/8.3.0_2/lib/gcc/8/gcc/x86_64-apple-darwin18/8.3.0/include]
  collapse include dir [/usr/local/Cellar/gcc/8.3.0_2/lib/gcc/8/gcc/x86_64-apple-darwin18/8.3.0/include-fixed] ==> [/usr/local/Cellar/gcc/8.3.0_2/lib/gcc/8/gcc/x86_64-apple-darwin18/8.3.0/include-fixed]
  collapse include dir [/Library/Developer/CommandLineTools/SDKs/MacOSX10.14.sdk/usr/include] ==> [/Library/Developer/CommandLineTools/SDKs/MacOSX10.14.sdk/usr/include]
  collapse include dir [/Library/Developer/CommandLineTools/SDKs/MacOSX10.14.sdk/System/Library/Frameworks] ==> [/Library/Developer/CommandLineTools/SDKs/MacOSX10.14.sdk/System/Library/Frameworks]
  implicit include dirs: [/usr/local/Cellar/gcc/8.3.0_2/lib/gcc/8/gcc/x86_64-apple-darwin18/8.3.0/include;/usr/local/Cellar/gcc/8.3.0_2/lib/gcc/8/gcc/x86_64-apple-darwin18/8.3.0/include-fixed;/Library/Developer/CommandLineTools/SDKs/MacOSX10.14.sdk/usr/include;/Library/Developer/CommandLineTools/SDKs/MacOSX10.14.sdk/System/Library/Frameworks]


Parsed C implicit link information from above output:
  link line regex: [^( *|.*[/\])(ld|CMAKE_LINK_STARTFILE-NOTFOUND|([^/\]+-)?ld|collect2)[^/\]*( |$)]
  ignore line: [Change Dir: /Users/dong/Desktop/lianxi/lianxiplus/3.7.1/cmake-build-debug/CMakeFiles/CMakeTmp]
  ignore line: []
  ignore line: [Run Build Command(s):/usr/bin/make cmTC_76213/fast ]
  ignore line: [/Library/Developer/CommandLineTools/usr/bin/make -f CMakeFiles/cmTC_76213.dir/build.make CMakeFiles/cmTC_76213.dir/build]
  ignore line: [Building C object CMakeFiles/cmTC_76213.dir/CMakeCCompilerABI.c.o]
  ignore line: [/usr/local/Cellar/gcc/8.3.0_2/bin/gcc-8   -isysroot /Library/Developer/CommandLineTools/SDKs/MacOSX10.14.sdk   -v -Wl,-v -o CMakeFiles/cmTC_76213.dir/CMakeCCompilerABI.c.o   -c /Applications/CLion.app/Contents/bin/cmake/mac/share/cmake-3.14/Modules/CMakeCCompilerABI.c]
  ignore line: [Using built-in specs.]
  ignore line: [COLLECT_GCC=/usr/local/Cellar/gcc/8.3.0_2/bin/gcc-8]
  ignore line: [Target: x86_64-apple-darwin18]
  ignore line: [Configured with: ../configure --build=x86_64-apple-darwin18 --prefix=/usr/local/Cellar/gcc/8.3.0_2 --libdir=/usr/local/Cellar/gcc/8.3.0_2/lib/gcc/8 --disable-nls --enable-checking=release --enable-languages=c,c++,objc,obj-c++,fortran --program-suffix=-8 --with-gmp=/usr/local/opt/gmp --with-mpfr=/usr/local/opt/mpfr --with-mpc=/usr/local/opt/libmpc --with-isl=/usr/local/opt/isl --with-system-zlib --with-pkgversion='Homebrew GCC 8.3.0_2' --with-bugurl=https://github.com/Homebrew/homebrew-core/issues --disable-multilib --with-native-system-header-dir=/usr/include --with-sysroot=/Library/Developer/CommandLineTools/SDKs/MacOSX.sdk]
  ignore line: [Thread model: posix]
  ignore line: [gcc version 8.3.0 (Homebrew GCC 8.3.0_2) ]
  ignore line: [COLLECT_GCC_OPTIONS='-isysroot' '/Library/Developer/CommandLineTools/SDKs/MacOSX10.14.sdk' '-v' '-o' 'CMakeFiles/cmTC_76213.dir/CMakeCCompilerABI.c.o' '-c' '-mmacosx-version-min=10.14.0' '-asm_macosx_version_min=10.14' '-mtune=core2']
  ignore line: [ /usr/local/Cellar/gcc/8.3.0_2/libexec/gcc/x86_64-apple-darwin18/8.3.0/cc1 -quiet -v -D__DYNAMIC__ -isysroot /Library/Developer/CommandLineTools/SDKs/MacOSX10.14.sdk /Applications/CLion.app/Contents/bin/cmake/mac/share/cmake-3.14/Modules/CMakeCCompilerABI.c -fPIC -quiet -dumpbase CMakeCCompilerABI.c -mmacosx-version-min=10.14.0 -mtune=core2 -auxbase-strip CMakeFiles/cmTC_76213.dir/CMakeCCompilerABI.c.o -version -o /var/folders/dz/snz49wx93xj6ylhs8hfg5p080000gn/T//ccGoi1P0.s]
  ignore line: [GNU C17 (Homebrew GCC 8.3.0_2) version 8.3.0 (x86_64-apple-darwin18)]
  ignore line: [	compiled by GNU C version 8.3.0, GMP version 6.1.2, MPFR version 4.0.2, MPC version 1.1.0, isl version isl-0.21-GMP]
  ignore line: []
  ignore line: [GGC heuristics: --param ggc-min-expand=100 --param ggc-min-heapsize=131072]
  ignore line: [ignoring nonexistent directory "/Library/Developer/CommandLineTools/SDKs/MacOSX10.14.sdk/usr/local/include"]
  ignore line: [ignoring nonexistent directory "/usr/local/Cellar/gcc/8.3.0_2/lib/gcc/8/gcc/x86_64-apple-darwin18/8.3.0/../../../../../../x86_64-apple-darwin18/include"]
  ignore line: [ignoring nonexistent directory "/Library/Developer/CommandLineTools/SDKs/MacOSX10.14.sdk/Library/Frameworks"]
  ignore line: [#include "..." search starts here:]
  ignore line: [#include <...> search starts here:]
  ignore line: [ /usr/local/Cellar/gcc/8.3.0_2/lib/gcc/8/gcc/x86_64-apple-darwin18/8.3.0/include]
  ignore line: [ /usr/local/Cellar/gcc/8.3.0_2/lib/gcc/8/gcc/x86_64-apple-darwin18/8.3.0/include-fixed]
  ignore line: [ /Library/Developer/CommandLineTools/SDKs/MacOSX10.14.sdk/usr/include]
  ignore line: [ /Library/Developer/CommandLineTools/SDKs/MacOSX10.14.sdk/System/Library/Frameworks]
  ignore line: [End of search list.]
  ignore line: [GNU C17 (Homebrew GCC 8.3.0_2) version 8.3.0 (x86_64-apple-darwin18)]
  ignore line: [	compiled by GNU C version 8.3.0, GMP version 6.1.2, MPFR version 4.0.2, MPC version 1.1.0, isl version isl-0.21-GMP]
  ignore line: []
  ignore line: [GGC heuristics: --param ggc-min-expand=100 --param ggc-min-heapsize=131072]
  ignore line: [Compiler executable checksum: 584faad6622c278918e4f7bc19bd43db]
  ignore line: [COLLECT_GCC_OPTIONS='-isysroot' '/Library/Developer/CommandLineTools/SDKs/MacOSX10.14.sdk' '-v' '-o' 'CMakeFiles/cmTC_76213.dir/CMakeCCompilerABI.c.o' '-c' '-mmacosx-version-min=10.14.0'  '-mtune=core2']
  ignore line: [ as -arch x86_64 -v -force_cpusubtype_ALL -mmacosx-version-min=10.14 -o CMakeFiles/cmTC_76213.dir/CMakeCCompilerABI.c.o /var/folders/dz/snz49wx93xj6ylhs8hfg5p080000gn/T//ccGoi1P0.s]
  ignore line: [Apple LLVM version 10.0.1 (clang-1001.0.46.4)]
  ignore line: [Target: x86_64-apple-darwin18.5.0]
  ignore line: [Thread model: posix]
  ignore line: [InstalledDir: /Library/Developer/CommandLineTools/usr/bin]
  ignore line: [ "/Library/Developer/CommandLineTools/usr/bin/clang" -cc1as -triple x86_64-apple-macosx10.14.0 -filetype obj -main-file-name ccGoi1P0.s -target-cpu penryn -fdebug-compilation-dir /Users/dong/Desktop/lianxi/lianxiplus/3.7.1/cmake-build-debug/CMakeFiles/CMakeTmp -dwarf-debug-producer Apple LLVM version 10.0.1 (clang-1001.0.46.4) -dwarf-version=4 -mrelocation-model pic -o CMakeFiles/cmTC_76213.dir/CMakeCCompilerABI.c.o /var/folders/dz/snz49wx93xj6ylhs8hfg5p080000gn/T//ccGoi1P0.s]
  ignore line: [COMPILER_PATH=/usr/local/Cellar/gcc/8.3.0_2/libexec/gcc/x86_64-apple-darwin18/8.3.0/:/usr/local/Cellar/gcc/8.3.0_2/libexec/gcc/x86_64-apple-darwin18/8.3.0/:/usr/local/Cellar/gcc/8.3.0_2/libexec/gcc/x86_64-apple-darwin18/:/usr/local/Cellar/gcc/8.3.0_2/lib/gcc/8/gcc/x86_64-apple-darwin18/8.3.0/:/usr/local/Cellar/gcc/8.3.0_2/lib/gcc/8/gcc/x86_64-apple-darwin18/]
  ignore line: [LIBRARY_PATH=/usr/local/Cellar/gcc/8.3.0_2/lib/gcc/8/gcc/x86_64-apple-darwin18/8.3.0/:/usr/local/Cellar/gcc/8.3.0_2/lib/gcc/8/gcc/x86_64-apple-darwin18/8.3.0/../../../]
  ignore line: [COLLECT_GCC_OPTIONS='-isysroot' '/Library/Developer/CommandLineTools/SDKs/MacOSX10.14.sdk' '-v' '-o' 'CMakeFiles/cmTC_76213.dir/CMakeCCompilerABI.c.o' '-c' '-mmacosx-version-min=10.14.0'  '-mtune=core2']
  ignore line: [Linking C executable cmTC_76213]
  ignore line: [/Applications/CLion.app/Contents/bin/cmake/mac/bin/cmake -E cmake_link_script CMakeFiles/cmTC_76213.dir/link.txt --verbose=1]
  ignore line: [/usr/local/Cellar/gcc/8.3.0_2/bin/gcc-8   -isysroot /Library/Developer/CommandLineTools/SDKs/MacOSX10.14.sdk -Wl,-search_paths_first -Wl,-headerpad_max_install_names  -v -Wl,-v CMakeFiles/cmTC_76213.dir/CMakeCCompilerABI.c.o  -o cmTC_76213 ]
  ignore line: [Using built-in specs.]
  ignore line: [COLLECT_GCC=/usr/local/Cellar/gcc/8.3.0_2/bin/gcc-8]
  ignore line: [COLLECT_LTO_WRAPPER=/usr/local/Cellar/gcc/8.3.0_2/libexec/gcc/x86_64-apple-darwin18/8.3.0/lto-wrapper]
  ignore line: [Target: x86_64-apple-darwin18]
  ignore line: [Configured with: ../configure --build=x86_64-apple-darwin18 --prefix=/usr/local/Cellar/gcc/8.3.0_2 --libdir=/usr/local/Cellar/gcc/8.3.0_2/lib/gcc/8 --disable-nls --enable-checking=release --enable-languages=c,c++,objc,obj-c++,fortran --program-suffix=-8 --with-gmp=/usr/local/opt/gmp --with-mpfr=/usr/local/opt/mpfr --with-mpc=/usr/local/opt/libmpc --with-isl=/usr/local/opt/isl --with-system-zlib --with-pkgversion='Homebrew GCC 8.3.0_2' --with-bugurl=https://github.com/Homebrew/homebrew-core/issues --disable-multilib --with-native-system-header-dir=/usr/include --with-sysroot=/Library/Developer/CommandLineTools/SDKs/MacOSX.sdk]
  ignore line: [Thread model: posix]
  ignore line: [gcc version 8.3.0 (Homebrew GCC 8.3.0_2) ]
  ignore line: [COMPILER_PATH=/usr/local/Cellar/gcc/8.3.0_2/libexec/gcc/x86_64-apple-darwin18/8.3.0/:/usr/local/Cellar/gcc/8.3.0_2/libexec/gcc/x86_64-apple-darwin18/8.3.0/:/usr/local/Cellar/gcc/8.3.0_2/libexec/gcc/x86_64-apple-darwin18/:/usr/local/Cellar/gcc/8.3.0_2/lib/gcc/8/gcc/x86_64-apple-darwin18/8.3.0/:/usr/local/Cellar/gcc/8.3.0_2/lib/gcc/8/gcc/x86_64-apple-darwin18/]
  ignore line: [LIBRARY_PATH=/usr/local/Cellar/gcc/8.3.0_2/lib/gcc/8/gcc/x86_64-apple-darwin18/8.3.0/:/usr/local/Cellar/gcc/8.3.0_2/lib/gcc/8/gcc/x86_64-apple-darwin18/8.3.0/../../../]
  ignore line: [COLLECT_GCC_OPTIONS='-isysroot' '/Library/Developer/CommandLineTools/SDKs/MacOSX10.14.sdk' '-v' '-o' 'cmTC_76213' '-mmacosx-version-min=10.14.0' '-asm_macosx_version_min=10.14' '-mtune=core2']
  link line: [ /usr/local/Cellar/gcc/8.3.0_2/libexec/gcc/x86_64-apple-darwin18/8.3.0/collect2 -dynamic -arch x86_64 -macosx_version_min 10.14.0 -syslibroot /Library/Developer/CommandLineTools/SDKs/MacOSX10.14.sdk -weak_reference_mismatches non-weak -o cmTC_76213 -L/usr/local/Cellar/gcc/8.3.0_2/lib/gcc/8/gcc/x86_64-apple-darwin18/8.3.0 -L/usr/local/Cellar/gcc/8.3.0_2/lib/gcc/8/gcc/x86_64-apple-darwin18/8.3.0/../../.. -search_paths_first -headerpad_max_install_names -v CMakeFiles/cmTC_76213.dir/CMakeCCompilerABI.c.o -no_compact_unwind -lSystem -lgcc_ext.10.5 -lgcc -lSystem -v]
    arg [/usr/local/Cellar/gcc/8.3.0_2/libexec/gcc/x86_64-apple-darwin18/8.3.0/collect2] ==> ignore
    arg [-dynamic] ==> ignore
    arg [-arch] ==> ignore
    arg [x86_64] ==> ignore
    arg [-macosx_version_min] ==> ignore
    arg [10.14.0] ==> ignore
    arg [-syslibroot] ==> ignore
    arg [/Library/Developer/CommandLineTools/SDKs/MacOSX10.14.sdk] ==> ignore
    arg [-weak_reference_mismatches] ==> ignore
    arg [non-weak] ==> ignore
    arg [-o] ==> ignore
    arg [cmTC_76213] ==> ignore
    arg [-L/usr/local/Cellar/gcc/8.3.0_2/lib/gcc/8/gcc/x86_64-apple-darwin18/8.3.0] ==> dir [/usr/local/Cellar/gcc/8.3.0_2/lib/gcc/8/gcc/x86_64-apple-darwin18/8.3.0]
    arg [-L/usr/local/Cellar/gcc/8.3.0_2/lib/gcc/8/gcc/x86_64-apple-darwin18/8.3.0/../../..] ==> dir [/usr/local/Cellar/gcc/8.3.0_2/lib/gcc/8/gcc/x86_64-apple-darwin18/8.3.0/../../..]
    arg [-search_paths_first] ==> ignore
    arg [-headerpad_max_install_names] ==> ignore
    arg [-v] ==> ignore
    arg [CMakeFiles/cmTC_76213.dir/CMakeCCompilerABI.c.o] ==> ignore
    arg [-no_compact_unwind] ==> ignore
    arg [-lSystem] ==> lib [System]
    arg [-lgcc_ext.10.5] ==> lib [gcc_ext.10.5]
    arg [-lgcc] ==> lib [gcc]
    arg [-lSystem] ==> lib [System]
    arg [-v] ==> ignore
  Library search paths: [;/usr/local/Cellar/gcc/8.3.0_2/lib/gcc/8/gcc/x86_64-apple-darwin18/8.3.0;/usr/local/Cellar/gcc/8.3.0_2/lib/gcc/8;/Library/Developer/CommandLineTools/SDKs/MacOSX10.14.sdk/usr/lib]
  Framework search paths: [;/Library/Developer/CommandLineTools/SDKs/MacOSX10.14.sdk/System/Library/Frameworks/]
  remove lib [System]
  remove lib [System]
  collapse library dir [/usr/local/Cellar/gcc/8.3.0_2/lib/gcc/8/gcc/x86_64-apple-darwin18/8.3.0] ==> [/usr/local/Cellar/gcc/8.3.0_2/lib/gcc/8/gcc/x86_64-apple-darwin18/8.3.0]
  collapse library dir [/usr/local/Cellar/gcc/8.3.0_2/lib/gcc/8/gcc/x86_64-apple-darwin18/8.3.0/../../..] ==> [/usr/local/Cellar/gcc/8.3.0_2/lib/gcc/8]
  collapse library dir [/usr/local/Cellar/gcc/8.3.0_2/lib/gcc/8/gcc/x86_64-apple-darwin18/8.3.0] ==> [/usr/local/Cellar/gcc/8.3.0_2/lib/gcc/8/gcc/x86_64-apple-darwin18/8.3.0]
  collapse library dir [/usr/local/Cellar/gcc/8.3.0_2/lib/gcc/8] ==> [/usr/local/Cellar/gcc/8.3.0_2/lib/gcc/8]
  collapse library dir [/Library/Developer/CommandLineTools/SDKs/MacOSX10.14.sdk/usr/lib] ==> [/Library/Developer/CommandLineTools/SDKs/MacOSX10.14.sdk/usr/lib]
  collapse framework dir [/Library/Developer/CommandLineTools/SDKs/MacOSX10.14.sdk/System/Library/Frameworks/] ==> [/Library/Developer/CommandLineTools/SDKs/MacOSX10.14.sdk/System/Library/Frameworks]
  implicit libs: [gcc_ext.10.5;gcc]
  implicit dirs: [/usr/local/Cellar/gcc/8.3.0_2/lib/gcc/8/gcc/x86_64-apple-darwin18/8.3.0;/usr/local/Cellar/gcc/8.3.0_2/lib/gcc/8;/Library/Developer/CommandLineTools/SDKs/MacOSX10.14.sdk/usr/lib]
  implicit fwks: [/Library/Developer/CommandLineTools/SDKs/MacOSX10.14.sdk/System/Library/Frameworks]




Detecting C [-std=c11] compiler features compiled with the following output:
Change Dir: /Users/dong/Desktop/lianxi/lianxiplus/3.7.1/cmake-build-debug/CMakeFiles/CMakeTmp

Run Build Command(s):/usr/bin/make cmTC_84941/fast 
/Library/Developer/CommandLineTools/usr/bin/make -f CMakeFiles/cmTC_84941.dir/build.make CMakeFiles/cmTC_84941.dir/build
Building C object CMakeFiles/cmTC_84941.dir/feature_tests.c.o
/usr/local/Cellar/gcc/8.3.0_2/bin/gcc-8   -isysroot /Library/Developer/CommandLineTools/SDKs/MacOSX10.14.sdk   -std=c11 -o CMakeFiles/cmTC_84941.dir/feature_tests.c.o   -c /Users/dong/Desktop/lianxi/lianxiplus/3.7.1/cmake-build-debug/CMakeFiles/feature_tests.c
Linking C executable cmTC_84941
/Applications/CLion.app/Contents/bin/cmake/mac/bin/cmake -E cmake_link_script CMakeFiles/cmTC_84941.dir/link.txt --verbose=1
/usr/local/Cellar/gcc/8.3.0_2/bin/gcc-8   -isysroot /Library/Developer/CommandLineTools/SDKs/MacOSX10.14.sdk -Wl,-search_paths_first -Wl,-headerpad_max_install_names   CMakeFiles/cmTC_84941.dir/feature_tests.c.o  -o cmTC_84941 


    Feature record: C_FEATURE:1c_function_prototypes
    Feature record: C_FEATURE:1c_restrict
    Feature record: C_FEATURE:1c_static_assert
    Feature record: C_FEATURE:1c_variadic_macros


Detecting C [-std=c99] compiler features compiled with the following output:
Change Dir: /Users/dong/Desktop/lianxi/lianxiplus/3.7.1/cmake-build-debug/CMakeFiles/CMakeTmp

Run Build Command(s):/usr/bin/make cmTC_c3d85/fast 
/Library/Developer/CommandLineTools/usr/bin/make -f CMakeFiles/cmTC_c3d85.dir/build.make CMakeFiles/cmTC_c3d85.dir/build
Building C object CMakeFiles/cmTC_c3d85.dir/feature_tests.c.o
/usr/local/Cellar/gcc/8.3.0_2/bin/gcc-8   -isysroot /Library/Developer/CommandLineTools/SDKs/MacOSX10.14.sdk   -std=c99 -o CMakeFiles/cmTC_c3d85.dir/feature_tests.c.o   -c /Users/dong/Desktop/lianxi/lianxiplus/3.7.1/cmake-build-debug/CMakeFiles/feature_tests.c
Linking C executable cmTC_c3d85
/Applications/CLion.app/Contents/bin/cmake/mac/bin/cmake -E cmake_link_script CMakeFiles/cmTC_c3d85.dir/link.txt --verbose=1
/usr/local/Cellar/gcc/8.3.0_2/bin/gcc-8   -isysroot /Library/Developer/CommandLineTools/SDKs/MacOSX10.14.sdk -Wl,-search_paths_first -Wl,-headerpad_max_install_names   CMakeFiles/cmTC_c3d85.dir/feature_tests.c.o  -o cmTC_c3d85 


    Feature record: C_FEATURE:1c_function_prototypes
    Feature record: C_FEATURE:1c_restrict
    Feature record: C_FEATURE:0c_static_assert
    Feature record: C_FEATURE:1c_variadic_macros


Detecting C [-std=c90] compiler features compiled with the following output:
Change Dir: /Users/dong/Desktop/lianxi/lianxiplus/3.7.1/cmake-build-debug/CMakeFiles/CMakeTmp

Run Build Command(s):/usr/bin/make cmTC_cdfd7/fast 
/Library/Developer/CommandLineTools/usr/bin/make -f CMakeFiles/cmTC_cdfd7.dir/build.make CMakeFiles/cmTC_cdfd7.dir/build
Building C object CMakeFiles/cmTC_cdfd7.dir/feature_tests.c.o
/usr/local/Cellar/gcc/8.3.0_2/bin/gcc-8   -isysroot /Library/Developer/CommandLineTools/SDKs/MacOSX10.14.sdk   -std=c90 -o CMakeFiles/cmTC_cdfd7.dir/feature_tests.c.o   -c /Users/dong/Desktop/lianxi/lianxiplus/3.7.1/cmake-build-debug/CMakeFiles/feature_tests.c
Linking C executable cmTC_cdfd7
/Applications/CLion.app/Contents/bin/cmake/mac/bin/cmake -E cmake_link_script CMakeFiles/cmTC_cdfd7.dir/link.txt --verbose=1
/usr/local/Cellar/gcc/8.3.0_2/bin/gcc-8   -isysroot /Library/Developer/CommandLineTools/SDKs/MacOSX10.14.sdk -Wl,-search_paths_first -Wl,-headerpad_max_install_names   CMakeFiles/cmTC_cdfd7.dir/feature_tests.c.o  -o cmTC_cdfd7 


    Feature record: C_FEATURE:1c_function_prototypes
    Feature record: C_FEATURE:0c_restrict
    Feature record: C_FEATURE:0c_static_assert
    Feature record: C_FEATURE:0c_variadic_macros
Determining if the CXX compiler works passed with the following output:
Change Dir: /Users/dong/Desktop/lianxi/lianxiplus/3.7.1/cmake-build-debug/CMakeFiles/CMakeTmp

Run Build Command(s):/usr/bin/make cmTC_5f41d/fast 
/Library/Developer/CommandLineTools/usr/bin/make -f CMakeFiles/cmTC_5f41d.dir/build.make CMakeFiles/cmTC_5f41d.dir/build
Building CXX object CMakeFiles/cmTC_5f41d.dir/testCXXCompiler.cxx.o
/usr/local/Cellar/gcc/8.3.0_2/bin/g++-8    -isysroot /Library/Developer/CommandLineTools/SDKs/MacOSX10.14.sdk   -o CMakeFiles/cmTC_5f41d.dir/testCXXCompiler.cxx.o -c /Users/dong/Desktop/lianxi/lianxiplus/3.7.1/cmake-build-debug/CMakeFiles/CMakeTmp/testCXXCompiler.cxx
Linking CXX executable cmTC_5f41d
/Applications/CLion.app/Contents/bin/cmake/mac/bin/cmake -E cmake_link_script CMakeFiles/cmTC_5f41d.dir/link.txt --verbose=1
/usr/local/Cellar/gcc/8.3.0_2/bin/g++-8    -isysroot /Library/Developer/CommandLineTools/SDKs/MacOSX10.14.sdk -Wl,-search_paths_first -Wl,-headerpad_max_install_names   CMakeFiles/cmTC_5f41d.dir/testCXXCompiler.cxx.o  -o cmTC_5f41d 


Detecting CXX compiler ABI info compiled with the following output:
Change Dir: /Users/dong/Desktop/lianxi/lianxiplus/3.7.1/cmake-build-debug/CMakeFiles/CMakeTmp

Run Build Command(s):/usr/bin/make cmTC_2b1ca/fast 
/Library/Developer/CommandLineTools/usr/bin/make -f CMakeFiles/cmTC_2b1ca.dir/build.make CMakeFiles/cmTC_2b1ca.dir/build
Building CXX object CMakeFiles/cmTC_2b1ca.dir/CMakeCXXCompilerABI.cpp.o
/usr/local/Cellar/gcc/8.3.0_2/bin/g++-8    -isysroot /Library/Developer/CommandLineTools/SDKs/MacOSX10.14.sdk   -v -Wl,-v -o CMakeFiles/cmTC_2b1ca.dir/CMakeCXXCompilerABI.cpp.o -c /Applications/CLion.app/Contents/bin/cmake/mac/share/cmake-3.14/Modules/CMakeCXXCompilerABI.cpp
Using built-in specs.
COLLECT_GCC=/usr/local/Cellar/gcc/8.3.0_2/bin/g++-8
Target: x86_64-apple-darwin18
Configured with: ../configure --build=x86_64-apple-darwin18 --prefix=/usr/local/Cellar/gcc/8.3.0_2 --libdir=/usr/local/Cellar/gcc/8.3.0_2/lib/gcc/8 --disable-nls --enable-checking=release --enable-languages=c,c++,objc,obj-c++,fortran --program-suffix=-8 --with-gmp=/usr/local/opt/gmp --with-mpfr=/usr/local/opt/mpfr --with-mpc=/usr/local/opt/libmpc --with-isl=/usr/local/opt/isl --with-system-zlib --with-pkgversion='Homebrew GCC 8.3.0_2' --with-bugurl=https://github.com/Homebrew/homebrew-core/issues --disable-multilib --with-native-system-header-dir=/usr/include --with-sysroot=/Library/Developer/CommandLineTools/SDKs/MacOSX.sdk
Thread model: posix
gcc version 8.3.0 (Homebrew GCC 8.3.0_2) 
COLLECT_GCC_OPTIONS='-isysroot' '/Library/Developer/CommandLineTools/SDKs/MacOSX10.14.sdk' '-v' '-o' 'CMakeFiles/cmTC_2b1ca.dir/CMakeCXXCompilerABI.cpp.o' '-c' '-mmacosx-version-min=10.14.0' '-asm_macosx_version_min=10.14' '-shared-libgcc' '-mtune=core2'
 /usr/local/Cellar/gcc/8.3.0_2/libexec/gcc/x86_64-apple-darwin18/8.3.0/cc1plus -quiet -v -D__DYNAMIC__ -isysroot /Library/Developer/CommandLineTools/SDKs/MacOSX10.14.sdk /Applications/CLion.app/Contents/bin/cmake/mac/share/cmake-3.14/Modules/CMakeCXXCompilerABI.cpp -fPIC -quiet -dumpbase CMakeCXXCompilerABI.cpp -mmacosx-version-min=10.14.0 -mtune=core2 -auxbase-strip CMakeFiles/cmTC_2b1ca.dir/CMakeCXXCompilerABI.cpp.o -version -o /var/folders/dz/snz49wx93xj6ylhs8hfg5p080000gn/T//ccZTo8Ja.s
GNU C++14 (Homebrew GCC 8.3.0_2) version 8.3.0 (x86_64-apple-darwin18)
	compiled by GNU C version 8.3.0, GMP version 6.1.2, MPFR version 4.0.2, MPC version 1.1.0, isl version isl-0.21-GMP

GGC heuristics: --param ggc-min-expand=100 --param ggc-min-heapsize=131072
ignoring nonexistent directory "/Library/Developer/CommandLineTools/SDKs/MacOSX10.14.sdk/usr/local/include"
ignoring nonexistent directory "/usr/local/Cellar/gcc/8.3.0_2/lib/gcc/8/gcc/x86_64-apple-darwin18/8.3.0/../../../../../../x86_64-apple-darwin18/include"
ignoring nonexistent directory "/Library/Developer/CommandLineTools/SDKs/MacOSX10.14.sdk/Library/Frameworks"
#include "..." search starts here:
#include <...> search starts here:
 /usr/local/Cellar/gcc/8.3.0_2/lib/gcc/8/gcc/x86_64-apple-darwin18/8.3.0/../../../../../../include/c++/8.3.0
 /usr/local/Cellar/gcc/8.3.0_2/lib/gcc/8/gcc/x86_64-apple-darwin18/8.3.0/../../../../../../include/c++/8.3.0/x86_64-apple-darwin18
 /usr/local/Cellar/gcc/8.3.0_2/lib/gcc/8/gcc/x86_64-apple-darwin18/8.3.0/../../../../../../include/c++/8.3.0/backward
 /usr/local/Cellar/gcc/8.3.0_2/lib/gcc/8/gcc/x86_64-apple-darwin18/8.3.0/include
 /usr/local/Cellar/gcc/8.3.0_2/lib/gcc/8/gcc/x86_64-apple-darwin18/8.3.0/include-fixed
 /Library/Developer/CommandLineTools/SDKs/MacOSX10.14.sdk/usr/include
 /Library/Developer/CommandLineTools/SDKs/MacOSX10.14.sdk/System/Library/Frameworks
End of search list.
GNU C++14 (Homebrew GCC 8.3.0_2) version 8.3.0 (x86_64-apple-darwin18)
	compiled by GNU C version 8.3.0, GMP version 6.1.2, MPFR version 4.0.2, MPC version 1.1.0, isl version isl-0.21-GMP

GGC heuristics: --param ggc-min-expand=100 --param ggc-min-heapsize=131072
Compiler executable checksum: 98d37d78c603d3483796c14c10e9e7bd
COLLECT_GCC_OPTIONS='-isysroot' '/Library/Developer/CommandLineTools/SDKs/MacOSX10.14.sdk' '-v' '-o' 'CMakeFiles/cmTC_2b1ca.dir/CMakeCXXCompilerABI.cpp.o' '-c' '-mmacosx-version-min=10.14.0'  '-shared-libgcc' '-mtune=core2'
 as -arch x86_64 -v -force_cpusubtype_ALL -mmacosx-version-min=10.14 -o CMakeFiles/cmTC_2b1ca.dir/CMakeCXXCompilerABI.cpp.o /var/folders/dz/snz49wx93xj6ylhs8hfg5p080000gn/T//ccZTo8Ja.s
Apple LLVM version 10.0.1 (clang-1001.0.46.4)
Target: x86_64-apple-darwin18.5.0
Thread model: posix
InstalledDir: /Library/Developer/CommandLineTools/usr/bin
 "/Library/Developer/CommandLineTools/usr/bin/clang" -cc1as -triple x86_64-apple-macosx10.14.0 -filetype obj -main-file-name ccZTo8Ja.s -target-cpu penryn -fdebug-compilation-dir /Users/dong/Desktop/lianxi/lianxiplus/3.7.1/cmake-build-debug/CMakeFiles/CMakeTmp -dwarf-debug-producer Apple LLVM version 10.0.1 (clang-1001.0.46.4) -dwarf-version=4 -mrelocation-model pic -o CMakeFiles/cmTC_2b1ca.dir/CMakeCXXCompilerABI.cpp.o /var/folders/dz/snz49wx93xj6ylhs8hfg5p080000gn/T//ccZTo8Ja.s
COMPILER_PATH=/usr/local/Cellar/gcc/8.3.0_2/libexec/gcc/x86_64-apple-darwin18/8.3.0/:/usr/local/Cellar/gcc/8.3.0_2/libexec/gcc/x86_64-apple-darwin18/8.3.0/:/usr/local/Cellar/gcc/8.3.0_2/libexec/gcc/x86_64-apple-darwin18/:/usr/local/Cellar/gcc/8.3.0_2/lib/gcc/8/gcc/x86_64-apple-darwin18/8.3.0/:/usr/local/Cellar/gcc/8.3.0_2/lib/gcc/8/gcc/x86_64-apple-darwin18/
LIBRARY_PATH=/usr/local/Cellar/gcc/8.3.0_2/lib/gcc/8/gcc/x86_64-apple-darwin18/8.3.0/:/usr/local/Cellar/gcc/8.3.0_2/lib/gcc/8/gcc/x86_64-apple-darwin18/8.3.0/../../../
COLLECT_GCC_OPTIONS='-isysroot' '/Library/Developer/CommandLineTools/SDKs/MacOSX10.14.sdk' '-v' '-o' 'CMakeFiles/cmTC_2b1ca.dir/CMakeCXXCompilerABI.cpp.o' '-c' '-mmacosx-version-min=10.14.0'  '-shared-libgcc' '-mtune=core2'
Linking CXX executable cmTC_2b1ca
/Applications/CLion.app/Contents/bin/cmake/mac/bin/cmake -E cmake_link_script CMakeFiles/cmTC_2b1ca.dir/link.txt --verbose=1
/usr/local/Cellar/gcc/8.3.0_2/bin/g++-8    -isysroot /Library/Developer/CommandLineTools/SDKs/MacOSX10.14.sdk -Wl,-search_paths_first -Wl,-headerpad_max_install_names  -v -Wl,-v CMakeFiles/cmTC_2b1ca.dir/CMakeCXXCompilerABI.cpp.o  -o cmTC_2b1ca 
Using built-in specs.
COLLECT_GCC=/usr/local/Cellar/gcc/8.3.0_2/bin/g++-8
COLLECT_LTO_WRAPPER=/usr/local/Cellar/gcc/8.3.0_2/libexec/gcc/x86_64-apple-darwin18/8.3.0/lto-wrapper
Target: x86_64-apple-darwin18
Configured with: ../configure --build=x86_64-apple-darwin18 --prefix=/usr/local/Cellar/gcc/8.3.0_2 --libdir=/usr/local/Cellar/gcc/8.3.0_2/lib/gcc/8 --disable-nls --enable-checking=release --enable-languages=c,c++,objc,obj-c++,fortran --program-suffix=-8 --with-gmp=/usr/local/opt/gmp --with-mpfr=/usr/local/opt/mpfr --with-mpc=/usr/local/opt/libmpc --with-isl=/usr/local/opt/isl --with-system-zlib --with-pkgversion='Homebrew GCC 8.3.0_2' --with-bugurl=https://github.com/Homebrew/homebrew-core/issues --disable-multilib --with-native-system-header-dir=/usr/include --with-sysroot=/Library/Developer/CommandLineTools/SDKs/MacOSX.sdk
Thread model: posix
gcc version 8.3.0 (Homebrew GCC 8.3.0_2) 
COMPILER_PATH=/usr/local/Cellar/gcc/8.3.0_2/libexec/gcc/x86_64-apple-darwin18/8.3.0/:/usr/local/Cellar/gcc/8.3.0_2/libexec/gcc/x86_64-apple-darwin18/8.3.0/:/usr/local/Cellar/gcc/8.3.0_2/libexec/gcc/x86_64-apple-darwin18/:/usr/local/Cellar/gcc/8.3.0_2/lib/gcc/8/gcc/x86_64-apple-darwin18/8.3.0/:/usr/local/Cellar/gcc/8.3.0_2/lib/gcc/8/gcc/x86_64-apple-darwin18/
LIBRARY_PATH=/usr/local/Cellar/gcc/8.3.0_2/lib/gcc/8/gcc/x86_64-apple-darwin18/8.3.0/:/usr/local/Cellar/gcc/8.3.0_2/lib/gcc/8/gcc/x86_64-apple-darwin18/8.3.0/../../../
COLLECT_GCC_OPTIONS='-isysroot' '/Library/Developer/CommandLineTools/SDKs/MacOSX10.14.sdk' '-v' '-o' 'cmTC_2b1ca' '-mmacosx-version-min=10.14.0' '-asm_macosx_version_min=10.14' '-shared-libgcc' '-mtune=core2'
 /usr/local/Cellar/gcc/8.3.0_2/libexec/gcc/x86_64-apple-darwin18/8.3.0/collect2 -dynamic -arch x86_64 -macosx_version_min 10.14.0 -syslibroot /Library/Developer/CommandLineTools/SDKs/MacOSX10.14.sdk -weak_reference_mismatches non-weak -o cmTC_2b1ca -L/usr/local/Cellar/gcc/8.3.0_2/lib/gcc/8/gcc/x86_64-apple-darwin18/8.3.0 -L/usr/local/Cellar/gcc/8.3.0_2/lib/gcc/8/gcc/x86_64-apple-darwin18/8.3.0/../../.. -search_paths_first -headerpad_max_install_names -v CMakeFiles/cmTC_2b1ca.dir/CMakeCXXCompilerABI.cpp.o -lstdc++ -no_compact_unwind -lSystem -lgcc_ext.10.5 -lgcc -lSystem -v
collect2 version 8.3.0
/usr/bin/ld -dynamic -arch x86_64 -macosx_version_min 10.14.0 -syslibroot /Library/Developer/CommandLineTools/SDKs/MacOSX10.14.sdk -weak_reference_mismatches non-weak -o cmTC_2b1ca -L/usr/local/Cellar/gcc/8.3.0_2/lib/gcc/8/gcc/x86_64-apple-darwin18/8.3.0 -L/usr/local/Cellar/gcc/8.3.0_2/lib/gcc/8/gcc/x86_64-apple-darwin18/8.3.0/../../.. -search_paths_first -headerpad_max_install_names -v CMakeFiles/cmTC_2b1ca.dir/CMakeCXXCompilerABI.cpp.o -lstdc++ -no_compact_unwind -lSystem -lgcc_ext.10.5 -lgcc -lSystem -v
@(#)PROGRAM:ld  PROJECT:ld64-450.3
BUILD 18:45:16 Apr  4 2019
configured to support archs: armv6 armv7 armv7s arm64 arm64e arm64_32 i386 x86_64 x86_64h armv6m armv7k armv7m armv7em
@(#)PROGRAM:ld  PROJECT:ld64-450.3
BUILD 18:45:16 Apr  4 2019
configured to support archs: armv6 armv7 armv7s arm64 arm64e arm64_32 i386 x86_64 x86_64h armv6m armv7k armv7m armv7em
Library search paths:
	/usr/local/Cellar/gcc/8.3.0_2/lib/gcc/8/gcc/x86_64-apple-darwin18/8.3.0
	/usr/local/Cellar/gcc/8.3.0_2/lib/gcc/8
	/Library/Developer/CommandLineTools/SDKs/MacOSX10.14.sdk/usr/lib
Framework search paths:
	/Library/Developer/CommandLineTools/SDKs/MacOSX10.14.sdk/System/Library/Frameworks/
 /usr/bin/nm -n CMakeFiles/cmTC_2b1ca.dir/CMakeCXXCompilerABI.cpp.o


Parsed CXX implicit include dir info from above output: rv=done
  found start of include info
  found start of implicit include info
    add: [/usr/local/Cellar/gcc/8.3.0_2/lib/gcc/8/gcc/x86_64-apple-darwin18/8.3.0/../../../../../../include/c++/8.3.0]
    add: [/usr/local/Cellar/gcc/8.3.0_2/lib/gcc/8/gcc/x86_64-apple-darwin18/8.3.0/../../../../../../include/c++/8.3.0/x86_64-apple-darwin18]
    add: [/usr/local/Cellar/gcc/8.3.0_2/lib/gcc/8/gcc/x86_64-apple-darwin18/8.3.0/../../../../../../include/c++/8.3.0/backward]
    add: [/usr/local/Cellar/gcc/8.3.0_2/lib/gcc/8/gcc/x86_64-apple-darwin18/8.3.0/include]
    add: [/usr/local/Cellar/gcc/8.3.0_2/lib/gcc/8/gcc/x86_64-apple-darwin18/8.3.0/include-fixed]
    add: [/Library/Developer/CommandLineTools/SDKs/MacOSX10.14.sdk/usr/include]
    add: [/Library/Developer/CommandLineTools/SDKs/MacOSX10.14.sdk/System/Library/Frameworks]
  end of search list found
  collapse include dir [/usr/local/Cellar/gcc/8.3.0_2/lib/gcc/8/gcc/x86_64-apple-darwin18/8.3.0/../../../../../../include/c++/8.3.0] ==> [/usr/local/Cellar/gcc/8.3.0_2/include/c++/8.3.0]
  collapse include dir [/usr/local/Cellar/gcc/8.3.0_2/lib/gcc/8/gcc/x86_64-apple-darwin18/8.3.0/../../../../../../include/c++/8.3.0/x86_64-apple-darwin18] ==> [/usr/local/Cellar/gcc/8.3.0_2/include/c++/8.3.0/x86_64-apple-darwin18]
  collapse include dir [/usr/local/Cellar/gcc/8.3.0_2/lib/gcc/8/gcc/x86_64-apple-darwin18/8.3.0/../../../../../../include/c++/8.3.0/backward] ==> [/usr/local/Cellar/gcc/8.3.0_2/include/c++/8.3.0/backward]
  collapse include dir [/usr/local/Cellar/gcc/8.3.0_2/lib/gcc/8/gcc/x86_64-apple-darwin18/8.3.0/include] ==> [/usr/local/Cellar/gcc/8.3.0_2/lib/gcc/8/gcc/x86_64-apple-darwin18/8.3.0/include]
  collapse include dir [/usr/local/Cellar/gcc/8.3.0_2/lib/gcc/8/gcc/x86_64-apple-darwin18/8.3.0/include-fixed] ==> [/usr/local/Cellar/gcc/8.3.0_2/lib/gcc/8/gcc/x86_64-apple-darwin18/8.3.0/include-fixed]
  collapse include dir [/Library/Developer/CommandLineTools/SDKs/MacOSX10.14.sdk/usr/include] ==> [/Library/Developer/CommandLineTools/SDKs/MacOSX10.14.sdk/usr/include]
  collapse include dir [/Library/Developer/CommandLineTools/SDKs/MacOSX10.14.sdk/System/Library/Frameworks] ==> [/Library/Developer/CommandLineTools/SDKs/MacOSX10.14.sdk/System/Library/Frameworks]
  implicit include dirs: [/usr/local/Cellar/gcc/8.3.0_2/include/c++/8.3.0;/usr/local/Cellar/gcc/8.3.0_2/include/c++/8.3.0/x86_64-apple-darwin18;/usr/local/Cellar/gcc/8.3.0_2/include/c++/8.3.0/backward;/usr/local/Cellar/gcc/8.3.0_2/lib/gcc/8/gcc/x86_64-apple-darwin18/8.3.0/include;/usr/local/Cellar/gcc/8.3.0_2/lib/gcc/8/gcc/x86_64-apple-darwin18/8.3.0/include-fixed;/Library/Developer/CommandLineTools/SDKs/MacOSX10.14.sdk/usr/include;/Library/Developer/CommandLineTools/SDKs/MacOSX10.14.sdk/System/Library/Frameworks]


Parsed CXX implicit link information from above output:
  link line regex: [^( *|.*[/\])(ld|CMAKE_LINK_STARTFILE-NOTFOUND|([^/\]+-)?ld|collect2)[^/\]*( |$)]
  ignore line: [Change Dir: /Users/dong/Desktop/lianxi/lianxiplus/3.7.1/cmake-build-debug/CMakeFiles/CMakeTmp]
  ignore line: []
  ignore line: [Run Build Command(s):/usr/bin/make cmTC_2b1ca/fast ]
  ignore line: [/Library/Developer/CommandLineTools/usr/bin/make -f CMakeFiles/cmTC_2b1ca.dir/build.make CMakeFiles/cmTC_2b1ca.dir/build]
  ignore line: [Building CXX object CMakeFiles/cmTC_2b1ca.dir/CMakeCXXCompilerABI.cpp.o]
  ignore line: [/usr/local/Cellar/gcc/8.3.0_2/bin/g++-8    -isysroot /Library/Developer/CommandLineTools/SDKs/MacOSX10.14.sdk   -v -Wl,-v -o CMakeFiles/cmTC_2b1ca.dir/CMakeCXXCompilerABI.cpp.o -c /Applications/CLion.app/Contents/bin/cmake/mac/share/cmake-3.14/Modules/CMakeCXXCompilerABI.cpp]
  ignore line: [Using built-in specs.]
  ignore line: [COLLECT_GCC=/usr/local/Cellar/gcc/8.3.0_2/bin/g++-8]
  ignore line: [Target: x86_64-apple-darwin18]
  ignore line: [Configured with: ../configure --build=x86_64-apple-darwin18 --prefix=/usr/local/Cellar/gcc/8.3.0_2 --libdir=/usr/local/Cellar/gcc/8.3.0_2/lib/gcc/8 --disable-nls --enable-checking=release --enable-languages=c,c++,objc,obj-c++,fortran --program-suffix=-8 --with-gmp=/usr/local/opt/gmp --with-mpfr=/usr/local/opt/mpfr --with-mpc=/usr/local/opt/libmpc --with-isl=/usr/local/opt/isl --with-system-zlib --with-pkgversion='Homebrew GCC 8.3.0_2' --with-bugurl=https://github.com/Homebrew/homebrew-core/issues --disable-multilib --with-native-system-header-dir=/usr/include --with-sysroot=/Library/Developer/CommandLineTools/SDKs/MacOSX.sdk]
  ignore line: [Thread model: posix]
  ignore line: [gcc version 8.3.0 (Homebrew GCC 8.3.0_2) ]
  ignore line: [COLLECT_GCC_OPTIONS='-isysroot' '/Library/Developer/CommandLineTools/SDKs/MacOSX10.14.sdk' '-v' '-o' 'CMakeFiles/cmTC_2b1ca.dir/CMakeCXXCompilerABI.cpp.o' '-c' '-mmacosx-version-min=10.14.0' '-asm_macosx_version_min=10.14' '-shared-libgcc' '-mtune=core2']
  ignore line: [ /usr/local/Cellar/gcc/8.3.0_2/libexec/gcc/x86_64-apple-darwin18/8.3.0/cc1plus -quiet -v -D__DYNAMIC__ -isysroot /Library/Developer/CommandLineTools/SDKs/MacOSX10.14.sdk /Applications/CLion.app/Contents/bin/cmake/mac/share/cmake-3.14/Modules/CMakeCXXCompilerABI.cpp -fPIC -quiet -dumpbase CMakeCXXCompilerABI.cpp -mmacosx-version-min=10.14.0 -mtune=core2 -auxbase-strip CMakeFiles/cmTC_2b1ca.dir/CMakeCXXCompilerABI.cpp.o -version -o /var/folders/dz/snz49wx93xj6ylhs8hfg5p080000gn/T//ccZTo8Ja.s]
  ignore line: [GNU C++14 (Homebrew GCC 8.3.0_2) version 8.3.0 (x86_64-apple-darwin18)]
  ignore line: [	compiled by GNU C version 8.3.0, GMP version 6.1.2, MPFR version 4.0.2, MPC version 1.1.0, isl version isl-0.21-GMP]
  ignore line: []
  ignore line: [GGC heuristics: --param ggc-min-expand=100 --param ggc-min-heapsize=131072]
  ignore line: [ignoring nonexistent directory "/Library/Developer/CommandLineTools/SDKs/MacOSX10.14.sdk/usr/local/include"]
  ignore line: [ignoring nonexistent directory "/usr/local/Cellar/gcc/8.3.0_2/lib/gcc/8/gcc/x86_64-apple-darwin18/8.3.0/../../../../../../x86_64-apple-darwin18/include"]
  ignore line: [ignoring nonexistent directory "/Library/Developer/CommandLineTools/SDKs/MacOSX10.14.sdk/Library/Frameworks"]
  ignore line: [#include "..." search starts here:]
  ignore line: [#include <...> search starts here:]
  ignore line: [ /usr/local/Cellar/gcc/8.3.0_2/lib/gcc/8/gcc/x86_64-apple-darwin18/8.3.0/../../../../../../include/c++/8.3.0]
  ignore line: [ /usr/local/Cellar/gcc/8.3.0_2/lib/gcc/8/gcc/x86_64-apple-darwin18/8.3.0/../../../../../../include/c++/8.3.0/x86_64-apple-darwin18]
  ignore line: [ /usr/local/Cellar/gcc/8.3.0_2/lib/gcc/8/gcc/x86_64-apple-darwin18/8.3.0/../../../../../../include/c++/8.3.0/backward]
  ignore line: [ /usr/local/Cellar/gcc/8.3.0_2/lib/gcc/8/gcc/x86_64-apple-darwin18/8.3.0/include]
  ignore line: [ /usr/local/Cellar/gcc/8.3.0_2/lib/gcc/8/gcc/x86_64-apple-darwin18/8.3.0/include-fixed]
  ignore line: [ /Library/Developer/CommandLineTools/SDKs/MacOSX10.14.sdk/usr/include]
  ignore line: [ /Library/Developer/CommandLineTools/SDKs/MacOSX10.14.sdk/System/Library/Frameworks]
  ignore line: [End of search list.]
  ignore line: [GNU C++14 (Homebrew GCC 8.3.0_2) version 8.3.0 (x86_64-apple-darwin18)]
  ignore line: [	compiled by GNU C version 8.3.0, GMP version 6.1.2, MPFR version 4.0.2, MPC version 1.1.0, isl version isl-0.21-GMP]
  ignore line: []
  ignore line: [GGC heuristics: --param ggc-min-expand=100 --param ggc-min-heapsize=131072]
  ignore line: [Compiler executable checksum: 98d37d78c603d3483796c14c10e9e7bd]
  ignore line: [COLLECT_GCC_OPTIONS='-isysroot' '/Library/Developer/CommandLineTools/SDKs/MacOSX10.14.sdk' '-v' '-o' 'CMakeFiles/cmTC_2b1ca.dir/CMakeCXXCompilerABI.cpp.o' '-c' '-mmacosx-version-min=10.14.0'  '-shared-libgcc' '-mtune=core2']
  ignore line: [ as -arch x86_64 -v -force_cpusubtype_ALL -mmacosx-version-min=10.14 -o CMakeFiles/cmTC_2b1ca.dir/CMakeCXXCompilerABI.cpp.o /var/folders/dz/snz49wx93xj6ylhs8hfg5p080000gn/T//ccZTo8Ja.s]
  ignore line: [Apple LLVM version 10.0.1 (clang-1001.0.46.4)]
  ignore line: [Target: x86_64-apple-darwin18.5.0]
  ignore line: [Thread model: posix]
  ignore line: [InstalledDir: /Library/Developer/CommandLineTools/usr/bin]
  ignore line: [ "/Library/Developer/CommandLineTools/usr/bin/clang" -cc1as -triple x86_64-apple-macosx10.14.0 -filetype obj -main-file-name ccZTo8Ja.s -target-cpu penryn -fdebug-compilation-dir /Users/dong/Desktop/lianxi/lianxiplus/3.7.1/cmake-build-debug/CMakeFiles/CMakeTmp -dwarf-debug-producer Apple LLVM version 10.0.1 (clang-1001.0.46.4) -dwarf-version=4 -mrelocation-model pic -o CMakeFiles/cmTC_2b1ca.dir/CMakeCXXCompilerABI.cpp.o /var/folders/dz/snz49wx93xj6ylhs8hfg5p080000gn/T//ccZTo8Ja.s]
  ignore line: [COMPILER_PATH=/usr/local/Cellar/gcc/8.3.0_2/libexec/gcc/x86_64-apple-darwin18/8.3.0/:/usr/local/Cellar/gcc/8.3.0_2/libexec/gcc/x86_64-apple-darwin18/8.3.0/:/usr/local/Cellar/gcc/8.3.0_2/libexec/gcc/x86_64-apple-darwin18/:/usr/local/Cellar/gcc/8.3.0_2/lib/gcc/8/gcc/x86_64-apple-darwin18/8.3.0/:/usr/local/Cellar/gcc/8.3.0_2/lib/gcc/8/gcc/x86_64-apple-darwin18/]
  ignore line: [LIBRARY_PATH=/usr/local/Cellar/gcc/8.3.0_2/lib/gcc/8/gcc/x86_64-apple-darwin18/8.3.0/:/usr/local/Cellar/gcc/8.3.0_2/lib/gcc/8/gcc/x86_64-apple-darwin18/8.3.0/../../../]
  ignore line: [COLLECT_GCC_OPTIONS='-isysroot' '/Library/Developer/CommandLineTools/SDKs/MacOSX10.14.sdk' '-v' '-o' 'CMakeFiles/cmTC_2b1ca.dir/CMakeCXXCompilerABI.cpp.o' '-c' '-mmacosx-version-min=10.14.0'  '-shared-libgcc' '-mtune=core2']
  ignore line: [Linking CXX executable cmTC_2b1ca]
  ignore line: [/Applications/CLion.app/Contents/bin/cmake/mac/bin/cmake -E cmake_link_script CMakeFiles/cmTC_2b1ca.dir/link.txt --verbose=1]
  ignore line: [/usr/local/Cellar/gcc/8.3.0_2/bin/g++-8    -isysroot /Library/Developer/CommandLineTools/SDKs/MacOSX10.14.sdk -Wl,-search_paths_first -Wl,-headerpad_max_install_names  -v -Wl,-v CMakeFiles/cmTC_2b1ca.dir/CMakeCXXCompilerABI.cpp.o  -o cmTC_2b1ca ]
  ignore line: [Using built-in specs.]
  ignore line: [COLLECT_GCC=/usr/local/Cellar/gcc/8.3.0_2/bin/g++-8]
  ignore line: [COLLECT_LTO_WRAPPER=/usr/local/Cellar/gcc/8.3.0_2/libexec/gcc/x86_64-apple-darwin18/8.3.0/lto-wrapper]
  ignore line: [Target: x86_64-apple-darwin18]
  ignore line: [Configured with: ../configure --build=x86_64-apple-darwin18 --prefix=/usr/local/Cellar/gcc/8.3.0_2 --libdir=/usr/local/Cellar/gcc/8.3.0_2/lib/gcc/8 --disable-nls --enable-checking=release --enable-languages=c,c++,objc,obj-c++,fortran --program-suffix=-8 --with-gmp=/usr/local/opt/gmp --with-mpfr=/usr/local/opt/mpfr --with-mpc=/usr/local/opt/libmpc --with-isl=/usr/local/opt/isl --with-system-zlib --with-pkgversion='Homebrew GCC 8.3.0_2' --with-bugurl=https://github.com/Homebrew/homebrew-core/issues --disable-multilib --with-native-system-header-dir=/usr/include --with-sysroot=/Library/Developer/CommandLineTools/SDKs/MacOSX.sdk]
  ignore line: [Thread model: posix]
  ignore line: [gcc version 8.3.0 (Homebrew GCC 8.3.0_2) ]
  ignore line: [COMPILER_PATH=/usr/local/Cellar/gcc/8.3.0_2/libexec/gcc/x86_64-apple-darwin18/8.3.0/:/usr/local/Cellar/gcc/8.3.0_2/libexec/gcc/x86_64-apple-darwin18/8.3.0/:/usr/local/Cellar/gcc/8.3.0_2/libexec/gcc/x86_64-apple-darwin18/:/usr/local/Cellar/gcc/8.3.0_2/lib/gcc/8/gcc/x86_64-apple-darwin18/8.3.0/:/usr/local/Cellar/gcc/8.3.0_2/lib/gcc/8/gcc/x86_64-apple-darwin18/]
  ignore line: [LIBRARY_PATH=/usr/local/Cellar/gcc/8.3.0_2/lib/gcc/8/gcc/x86_64-apple-darwin18/8.3.0/:/usr/local/Cellar/gcc/8.3.0_2/lib/gcc/8/gcc/x86_64-apple-darwin18/8.3.0/../../../]
  ignore line: [COLLECT_GCC_OPTIONS='-isysroot' '/Library/Developer/CommandLineTools/SDKs/MacOSX10.14.sdk' '-v' '-o' 'cmTC_2b1ca' '-mmacosx-version-min=10.14.0' '-asm_macosx_version_min=10.14' '-shared-libgcc' '-mtune=core2']
  link line: [ /usr/local/Cellar/gcc/8.3.0_2/libexec/gcc/x86_64-apple-darwin18/8.3.0/collect2 -dynamic -arch x86_64 -macosx_version_min 10.14.0 -syslibroot /Library/Developer/CommandLineTools/SDKs/MacOSX10.14.sdk -weak_reference_mismatches non-weak -o cmTC_2b1ca -L/usr/local/Cellar/gcc/8.3.0_2/lib/gcc/8/gcc/x86_64-apple-darwin18/8.3.0 -L/usr/local/Cellar/gcc/8.3.0_2/lib/gcc/8/gcc/x86_64-apple-darwin18/8.3.0/../../.. -search_paths_first -headerpad_max_install_names -v CMakeFiles/cmTC_2b1ca.dir/CMakeCXXCompilerABI.cpp.o -lstdc++ -no_compact_unwind -lSystem -lgcc_ext.10.5 -lgcc -lSystem -v]
    arg [/usr/local/Cellar/gcc/8.3.0_2/libexec/gcc/x86_64-apple-darwin18/8.3.0/collect2] ==> ignore
    arg [-dynamic] ==> ignore
    arg [-arch] ==> ignore
    arg [x86_64] ==> ignore
    arg [-macosx_version_min] ==> ignore
    arg [10.14.0] ==> ignore
    arg [-syslibroot] ==> ignore
    arg [/Library/Developer/CommandLineTools/SDKs/MacOSX10.14.sdk] ==> ignore
    arg [-weak_reference_mismatches] ==> ignore
    arg [non-weak] ==> ignore
    arg [-o] ==> ignore
    arg [cmTC_2b1ca] ==> ignore
    arg [-L/usr/local/Cellar/gcc/8.3.0_2/lib/gcc/8/gcc/x86_64-apple-darwin18/8.3.0] ==> dir [/usr/local/Cellar/gcc/8.3.0_2/lib/gcc/8/gcc/x86_64-apple-darwin18/8.3.0]
    arg [-L/usr/local/Cellar/gcc/8.3.0_2/lib/gcc/8/gcc/x86_64-apple-darwin18/8.3.0/../../..] ==> dir [/usr/local/Cellar/gcc/8.3.0_2/lib/gcc/8/gcc/x86_64-apple-darwin18/8.3.0/../../..]
    arg [-search_paths_first] ==> ignore
    arg [-headerpad_max_install_names] ==> ignore
    arg [-v] ==> ignore
    arg [CMakeFiles/cmTC_2b1ca.dir/CMakeCXXCompilerABI.cpp.o] ==> ignore
    arg [-lstdc++] ==> lib [stdc++]
    arg [-no_compact_unwind] ==> ignore
    arg [-lSystem] ==> lib [System]
    arg [-lgcc_ext.10.5] ==> lib [gcc_ext.10.5]
    arg [-lgcc] ==> lib [gcc]
    arg [-lSystem] ==> lib [System]
    arg [-v] ==> ignore
  Library search paths: [;/usr/local/Cellar/gcc/8.3.0_2/lib/gcc/8/gcc/x86_64-apple-darwin18/8.3.0;/usr/local/Cellar/gcc/8.3.0_2/lib/gcc/8;/Library/Developer/CommandLineTools/SDKs/MacOSX10.14.sdk/usr/lib]
  Framework search paths: [;/Library/Developer/CommandLineTools/SDKs/MacOSX10.14.sdk/System/Library/Frameworks/]
  remove lib [System]
  remove lib [System]
  collapse library dir [/usr/local/Cellar/gcc/8.3.0_2/lib/gcc/8/gcc/x86_64-apple-darwin18/8.3.0] ==> [/usr/local/Cellar/gcc/8.3.0_2/lib/gcc/8/gcc/x86_64-apple-darwin18/8.3.0]
  collapse library dir [/usr/local/Cellar/gcc/8.3.0_2/lib/gcc/8/gcc/x86_64-apple-darwin18/8.3.0/../../..] ==> [/usr/local/Cellar/gcc/8.3.0_2/lib/gcc/8]
  collapse library dir [/usr/local/Cellar/gcc/8.3.0_2/lib/gcc/8/gcc/x86_64-apple-darwin18/8.3.0] ==> [/usr/local/Cellar/gcc/8.3.0_2/lib/gcc/8/gcc/x86_64-apple-darwin18/8.3.0]
  collapse library dir [/usr/local/Cellar/gcc/8.3.0_2/lib/gcc/8] ==> [/usr/local/Cellar/gcc/8.3.0_2/lib/gcc/8]
  collapse library dir [/Library/Developer/CommandLineTools/SDKs/MacOSX10.14.sdk/usr/lib] ==> [/Library/Developer/CommandLineTools/SDKs/MacOSX10.14.sdk/usr/lib]
  collapse framework dir [/Library/Developer/CommandLineTools/SDKs/MacOSX10.14.sdk/System/Library/Frameworks/] ==> [/Library/Developer/CommandLineTools/SDKs/MacOSX10.14.sdk/System/Library/Frameworks]
  implicit libs: [stdc++;gcc_ext.10.5;gcc]
  implicit dirs: [/usr/local/Cellar/gcc/8.3.0_2/lib/gcc/8/gcc/x86_64-apple-darwin18/8.3.0;/usr/local/Cellar/gcc/8.3.0_2/lib/gcc/8;/Library/Developer/CommandLineTools/SDKs/MacOSX10.14.sdk/usr/lib]
  implicit fwks: [/Library/Developer/CommandLineTools/SDKs/MacOSX10.14.sdk/System/Library/Frameworks]




Detecting CXX [-std=c++2a] compiler features compiled with the following output:
Change Dir: /Users/dong/Desktop/lianxi/lianxiplus/3.7.1/cmake-build-debug/CMakeFiles/CMakeTmp

Run Build Command(s):/usr/bin/make cmTC_7a57d/fast 
/Library/Developer/CommandLineTools/usr/bin/make -f CMakeFiles/cmTC_7a57d.dir/build.make CMakeFiles/cmTC_7a57d.dir/build
Building CXX object CMakeFiles/cmTC_7a57d.dir/feature_tests.cxx.o
/usr/local/Cellar/gcc/8.3.0_2/bin/g++-8    -isysroot /Library/Developer/CommandLineTools/SDKs/MacOSX10.14.sdk   -std=c++2a -o CMakeFiles/cmTC_7a57d.dir/feature_tests.cxx.o -c /Users/dong/Desktop/lianxi/lianxiplus/3.7.1/cmake-build-debug/CMakeFiles/feature_tests.cxx
Linking CXX executable cmTC_7a57d
/Applications/CLion.app/Contents/bin/cmake/mac/bin/cmake -E cmake_link_script CMakeFiles/cmTC_7a57d.dir/link.txt --verbose=1
/usr/local/Cellar/gcc/8.3.0_2/bin/g++-8    -isysroot /Library/Developer/CommandLineTools/SDKs/MacOSX10.14.sdk -Wl,-search_paths_first -Wl,-headerpad_max_install_names   CMakeFiles/cmTC_7a57d.dir/feature_tests.cxx.o  -o cmTC_7a57d 


    Feature record: CXX_FEATURE:1cxx_aggregate_default_initializers
    Feature record: CXX_FEATURE:1cxx_alias_templates
    Feature record: CXX_FEATURE:1cxx_alignas
    Feature record: CXX_FEATURE:1cxx_alignof
    Feature record: CXX_FEATURE:1cxx_attributes
    Feature record: CXX_FEATURE:1cxx_attribute_deprecated
    Feature record: CXX_FEATURE:1cxx_auto_type
    Feature record: CXX_FEATURE:1cxx_binary_literals
    Feature record: CXX_FEATURE:1cxx_constexpr
    Feature record: CXX_FEATURE:1cxx_contextual_conversions
    Feature record: CXX_FEATURE:1cxx_decltype
    Feature record: CXX_FEATURE:1cxx_decltype_auto
    Feature record: CXX_FEATURE:1cxx_decltype_incomplete_return_types
    Feature record: CXX_FEATURE:1cxx_default_function_template_args
    Feature record: CXX_FEATURE:1cxx_defaulted_functions
    Feature record: CXX_FEATURE:1cxx_defaulted_move_initializers
    Feature record: CXX_FEATURE:1cxx_delegating_constructors
    Feature record: CXX_FEATURE:1cxx_deleted_functions
    Feature record: CXX_FEATURE:1cxx_digit_separators
    Feature record: CXX_FEATURE:1cxx_enum_forward_declarations
    Feature record: CXX_FEATURE:1cxx_explicit_conversions
    Feature record: CXX_FEATURE:1cxx_extended_friend_declarations
    Feature record: CXX_FEATURE:1cxx_extern_templates
    Feature record: CXX_FEATURE:1cxx_final
    Feature record: CXX_FEATURE:1cxx_func_identifier
    Feature record: CXX_FEATURE:1cxx_generalized_initializers
    Feature record: CXX_FEATURE:1cxx_generic_lambdas
    Feature record: CXX_FEATURE:1cxx_inheriting_constructors
    Feature record: CXX_FEATURE:1cxx_inline_namespaces
    Feature record: CXX_FEATURE:1cxx_lambdas
    Feature record: CXX_FEATURE:1cxx_lambda_init_captures
    Feature record: CXX_FEATURE:1cxx_local_type_template_args
    Feature record: CXX_FEATURE:1cxx_long_long_type
    Feature record: CXX_FEATURE:1cxx_noexcept
    Feature record: CXX_FEATURE:1cxx_nonstatic_member_init
    Feature record: CXX_FEATURE:1cxx_nullptr
    Feature record: CXX_FEATURE:1cxx_override
    Feature record: CXX_FEATURE:1cxx_range_for
    Feature record: CXX_FEATURE:1cxx_raw_string_literals
    Feature record: CXX_FEATURE:1cxx_reference_qualified_functions
    Feature record: CXX_FEATURE:1cxx_relaxed_constexpr
    Feature record: CXX_FEATURE:1cxx_return_type_deduction
    Feature record: CXX_FEATURE:1cxx_right_angle_brackets
    Feature record: CXX_FEATURE:1cxx_rvalue_references
    Feature record: CXX_FEATURE:1cxx_sizeof_member
    Feature record: CXX_FEATURE:1cxx_static_assert
    Feature record: CXX_FEATURE:1cxx_strong_enums
    Feature record: CXX_FEATURE:1cxx_template_template_parameters
    Feature record: CXX_FEATURE:1cxx_thread_local
    Feature record: CXX_FEATURE:1cxx_trailing_return_types
    Feature record: CXX_FEATURE:1cxx_unicode_literals
    Feature record: CXX_FEATURE:1cxx_uniform_initialization
    Feature record: CXX_FEATURE:1cxx_unrestricted_unions
    Feature record: CXX_FEATURE:1cxx_user_literals
    Feature record: CXX_FEATURE:1cxx_variable_templates
    Feature record: CXX_FEATURE:1cxx_variadic_macros
    Feature record: CXX_FEATURE:1cxx_variadic_templates


Detecting CXX [-std=c++17] compiler features compiled with the following output:
Change Dir: /Users/dong/Desktop/lianxi/lianxiplus/3.7.1/cmake-build-debug/CMakeFiles/CMakeTmp

Run Build Command(s):/usr/bin/make cmTC_55d40/fast 
/Library/Developer/CommandLineTools/usr/bin/make -f CMakeFiles/cmTC_55d40.dir/build.make CMakeFiles/cmTC_55d40.dir/build
Building CXX object CMakeFiles/cmTC_55d40.dir/feature_tests.cxx.o
/usr/local/Cellar/gcc/8.3.0_2/bin/g++-8    -isysroot /Library/Developer/CommandLineTools/SDKs/MacOSX10.14.sdk   -std=c++17 -o CMakeFiles/cmTC_55d40.dir/feature_tests.cxx.o -c /Users/dong/Desktop/lianxi/lianxiplus/3.7.1/cmake-build-debug/CMakeFiles/feature_tests.cxx
Linking CXX executable cmTC_55d40
/Applications/CLion.app/Contents/bin/cmake/mac/bin/cmake -E cmake_link_script CMakeFiles/cmTC_55d40.dir/link.txt --verbose=1
/usr/local/Cellar/gcc/8.3.0_2/bin/g++-8    -isysroot /Library/Developer/CommandLineTools/SDKs/MacOSX10.14.sdk -Wl,-search_paths_first -Wl,-headerpad_max_install_names   CMakeFiles/cmTC_55d40.dir/feature_tests.cxx.o  -o cmTC_55d40 


    Feature record: CXX_FEATURE:1cxx_aggregate_default_initializers
    Feature record: CXX_FEATURE:1cxx_alias_templates
    Feature record: CXX_FEATURE:1cxx_alignas
    Feature record: CXX_FEATURE:1cxx_alignof
    Feature record: CXX_FEATURE:1cxx_attributes
    Feature record: CXX_FEATURE:1cxx_attribute_deprecated
    Feature record: CXX_FEATURE:1cxx_auto_type
    Feature record: CXX_FEATURE:1cxx_binary_literals
    Feature record: CXX_FEATURE:1cxx_constexpr
    Feature record: CXX_FEATURE:1cxx_contextual_conversions
    Feature record: CXX_FEATURE:1cxx_decltype
    Feature record: CXX_FEATURE:1cxx_decltype_auto
    Feature record: CXX_FEATURE:1cxx_decltype_incomplete_return_types
    Feature record: CXX_FEATURE:1cxx_default_function_template_args
    Feature record: CXX_FEATURE:1cxx_defaulted_functions
    Feature record: CXX_FEATURE:1cxx_defaulted_move_initializers
    Feature record: CXX_FEATURE:1cxx_delegating_constructors
    Feature record: CXX_FEATURE:1cxx_deleted_functions
    Feature record: CXX_FEATURE:1cxx_digit_separators
    Feature record: CXX_FEATURE:1cxx_enum_forward_declarations
    Feature record: CXX_FEATURE:1cxx_explicit_conversions
    Feature record: CXX_FEATURE:1cxx_extended_friend_declarations
    Feature record: CXX_FEATURE:1cxx_extern_templates
    Feature record: CXX_FEATURE:1cxx_final
    Feature record: CXX_FEATURE:1cxx_func_identifier
    Feature record: CXX_FEATURE:1cxx_generalized_initializers
    Feature record: CXX_FEATURE:1cxx_generic_lambdas
    Feature record: CXX_FEATURE:1cxx_inheriting_constructors
    Feature record: CXX_FEATURE:1cxx_inline_namespaces
    Feature record: CXX_FEATURE:1cxx_lambdas
    Feature record: CXX_FEATURE:1cxx_lambda_init_captures
    Feature record: CXX_FEATURE:1cxx_local_type_template_args
    Feature record: CXX_FEATURE:1cxx_long_long_type
    Feature record: CXX_FEATURE:1cxx_noexcept
    Feature record: CXX_FEATURE:1cxx_nonstatic_member_init
    Feature record: CXX_FEATURE:1cxx_nullptr
    Feature record: CXX_FEATURE:1cxx_override
    Feature record: CXX_FEATURE:1cxx_range_for
    Feature record: CXX_FEATURE:1cxx_raw_string_literals
    Feature record: CXX_FEATURE:1cxx_reference_qualified_functions
    Feature record: CXX_FEATURE:1cxx_relaxed_constexpr
    Feature record: CXX_FEATURE:1cxx_return_type_deduction
    Feature record: CXX_FEATURE:1cxx_right_angle_brackets
    Feature record: CXX_FEATURE:1cxx_rvalue_references
    Feature record: CXX_FEATURE:1cxx_sizeof_member
    Feature record: CXX_FEATURE:1cxx_static_assert
    Feature record: CXX_FEATURE:1cxx_strong_enums
    Feature record: CXX_FEATURE:1cxx_template_template_parameters
    Feature record: CXX_FEATURE:1cxx_thread_local
    Feature record: CXX_FEATURE:1cxx_trailing_return_types
    Feature record: CXX_FEATURE:1cxx_unicode_literals
    Feature record: CXX_FEATURE:1cxx_uniform_initialization
    Feature record: CXX_FEATURE:1cxx_unrestricted_unions
    Feature record: CXX_FEATURE:1cxx_user_literals
    Feature record: CXX_FEATURE:1cxx_variable_templates
    Feature record: CXX_FEATURE:1cxx_variadic_macros
    Feature record: CXX_FEATURE:1cxx_variadic_templates


Detecting CXX [-std=c++14] compiler features compiled with the following output:
Change Dir: /Users/dong/Desktop/lianxi/lianxiplus/3.7.1/cmake-build-debug/CMakeFiles/CMakeTmp

Run Build Command(s):/usr/bin/make cmTC_534ee/fast 
/Library/Developer/CommandLineTools/usr/bin/make -f CMakeFiles/cmTC_534ee.dir/build.make CMakeFiles/cmTC_534ee.dir/build
Building CXX object CMakeFiles/cmTC_534ee.dir/feature_tests.cxx.o
/usr/local/Cellar/gcc/8.3.0_2/bin/g++-8    -isysroot /Library/Developer/CommandLineTools/SDKs/MacOSX10.14.sdk   -std=c++14 -o CMakeFiles/cmTC_534ee.dir/feature_tests.cxx.o -c /Users/dong/Desktop/lianxi/lianxiplus/3.7.1/cmake-build-debug/CMakeFiles/feature_tests.cxx
Linking CXX executable cmTC_534ee
/Applications/CLion.app/Contents/bin/cmake/mac/bin/cmake -E cmake_link_script CMakeFiles/cmTC_534ee.dir/link.txt --verbose=1
/usr/local/Cellar/gcc/8.3.0_2/bin/g++-8    -isysroot /Library/Developer/CommandLineTools/SDKs/MacOSX10.14.sdk -Wl,-search_paths_first -Wl,-headerpad_max_install_names   CMakeFiles/cmTC_534ee.dir/feature_tests.cxx.o  -o cmTC_534ee 


    Feature record: CXX_FEATURE:1cxx_aggregate_default_initializers
    Feature record: CXX_FEATURE:1cxx_alias_templates
    Feature record: CXX_FEATURE:1cxx_alignas
    Feature record: CXX_FEATURE:1cxx_alignof
    Feature record: CXX_FEATURE:1cxx_attributes
    Feature record: CXX_FEATURE:1cxx_attribute_deprecated
    Feature record: CXX_FEATURE:1cxx_auto_type
    Feature record: CXX_FEATURE:1cxx_binary_literals
    Feature record: CXX_FEATURE:1cxx_constexpr
    Feature record: CXX_FEATURE:1cxx_contextual_conversions
    Feature record: CXX_FEATURE:1cxx_decltype
    Feature record: CXX_FEATURE:1cxx_decltype_auto
    Feature record: CXX_FEATURE:1cxx_decltype_incomplete_return_types
    Feature record: CXX_FEATURE:1cxx_default_function_template_args
    Feature record: CXX_FEATURE:1cxx_defaulted_functions
    Feature record: CXX_FEATURE:1cxx_defaulted_move_initializers
    Feature record: CXX_FEATURE:1cxx_delegating_constructors
    Feature record: CXX_FEATURE:1cxx_deleted_functions
    Feature record: CXX_FEATURE:1cxx_digit_separators
    Feature record: CXX_FEATURE:1cxx_enum_forward_declarations
    Feature record: CXX_FEATURE:1cxx_explicit_conversions
    Feature record: CXX_FEATURE:1cxx_extended_friend_declarations
    Feature record: CXX_FEATURE:1cxx_extern_templates
    Feature record: CXX_FEATURE:1cxx_final
    Feature record: CXX_FEATURE:1cxx_func_identifier
    Feature record: CXX_FEATURE:1cxx_generalized_initializers
    Feature record: CXX_FEATURE:1cxx_generic_lambdas
    Feature record: CXX_FEATURE:1cxx_inheriting_constructors
    Feature record: CXX_FEATURE:1cxx_inline_namespaces
    Feature record: CXX_FEATURE:1cxx_lambdas
    Feature record: CXX_FEATURE:1cxx_lambda_init_captures
    Feature record: CXX_FEATURE:1cxx_local_type_template_args
    Feature record: CXX_FEATURE:1cxx_long_long_type
    Feature record: CXX_FEATURE:1cxx_noexcept
    Feature record: CXX_FEATURE:1cxx_nonstatic_member_init
    Feature record: CXX_FEATURE:1cxx_nullptr
    Feature record: CXX_FEATURE:1cxx_override
    Feature record: CXX_FEATURE:1cxx_range_for
    Feature record: CXX_FEATURE:1cxx_raw_string_literals
    Feature record: CXX_FEATURE:1cxx_reference_qualified_functions
    Feature record: CXX_FEATURE:1cxx_relaxed_constexpr
    Feature record: CXX_FEATURE:1cxx_return_type_deduction
    Feature record: CXX_FEATURE:1cxx_right_angle_brackets
    Feature record: CXX_FEATURE:1cxx_rvalue_references
    Feature record: CXX_FEATURE:1cxx_sizeof_member
    Feature record: CXX_FEATURE:1cxx_static_assert
    Feature record: CXX_FEATURE:1cxx_strong_enums
    Feature record: CXX_FEATURE:1cxx_template_template_parameters
    Feature record: CXX_FEATURE:1cxx_thread_local
    Feature record: CXX_FEATURE:1cxx_trailing_return_types
    Feature record: CXX_FEATURE:1cxx_unicode_literals
    Feature record: CXX_FEATURE:1cxx_uniform_initialization
    Feature record: CXX_FEATURE:1cxx_unrestricted_unions
    Feature record: CXX_FEATURE:1cxx_user_literals
    Feature record: CXX_FEATURE:1cxx_variable_templates
    Feature record: CXX_FEATURE:1cxx_variadic_macros
    Feature record: CXX_FEATURE:1cxx_variadic_templates


Detecting CXX [-std=c++11] compiler features compiled with the following output:
Change Dir: /Users/dong/Desktop/lianxi/lianxiplus/3.7.1/cmake-build-debug/CMakeFiles/CMakeTmp

Run Build Command(s):/usr/bin/make cmTC_3c0cc/fast 
/Library/Developer/CommandLineTools/usr/bin/make -f CMakeFiles/cmTC_3c0cc.dir/build.make CMakeFiles/cmTC_3c0cc.dir/build
Building CXX object CMakeFiles/cmTC_3c0cc.dir/feature_tests.cxx.o
/usr/local/Cellar/gcc/8.3.0_2/bin/g++-8    -isysroot /Library/Developer/CommandLineTools/SDKs/MacOSX10.14.sdk   -std=c++11 -o CMakeFiles/cmTC_3c0cc.dir/feature_tests.cxx.o -c /Users/dong/Desktop/lianxi/lianxiplus/3.7.1/cmake-build-debug/CMakeFiles/feature_tests.cxx
Linking CXX executable cmTC_3c0cc
/Applications/CLion.app/Contents/bin/cmake/mac/bin/cmake -E cmake_link_script CMakeFiles/cmTC_3c0cc.dir/link.txt --verbose=1
/usr/local/Cellar/gcc/8.3.0_2/bin/g++-8    -isysroot /Library/Developer/CommandLineTools/SDKs/MacOSX10.14.sdk -Wl,-search_paths_first -Wl,-headerpad_max_install_names   CMakeFiles/cmTC_3c0cc.dir/feature_tests.cxx.o  -o cmTC_3c0cc 


    Feature record: CXX_FEATURE:0cxx_aggregate_default_initializers
    Feature record: CXX_FEATURE:1cxx_alias_templates
    Feature record: CXX_FEATURE:1cxx_alignas
    Feature record: CXX_FEATURE:1cxx_alignof
    Feature record: CXX_FEATURE:1cxx_attributes
    Feature record: CXX_FEATURE:0cxx_attribute_deprecated
    Feature record: CXX_FEATURE:1cxx_auto_type
    Feature record: CXX_FEATURE:0cxx_binary_literals
    Feature record: CXX_FEATURE:1cxx_constexpr
    Feature record: CXX_FEATURE:0cxx_contextual_conversions
    Feature record: CXX_FEATURE:1cxx_decltype
    Feature record: CXX_FEATURE:0cxx_decltype_auto
    Feature record: CXX_FEATURE:1cxx_decltype_incomplete_return_types
    Feature record: CXX_FEATURE:1cxx_default_function_template_args
    Feature record: CXX_FEATURE:1cxx_defaulted_functions
    Feature record: CXX_FEATURE:1cxx_defaulted_move_initializers
    Feature record: CXX_FEATURE:1cxx_delegating_constructors
    Feature record: CXX_FEATURE:1cxx_deleted_functions
    Feature record: CXX_FEATURE:0cxx_digit_separators
    Feature record: CXX_FEATURE:1cxx_enum_forward_declarations
    Feature record: CXX_FEATURE:1cxx_explicit_conversions
    Feature record: CXX_FEATURE:1cxx_extended_friend_declarations
    Feature record: CXX_FEATURE:1cxx_extern_templates
    Feature record: CXX_FEATURE:1cxx_final
    Feature record: CXX_FEATURE:1cxx_func_identifier
    Feature record: CXX_FEATURE:1cxx_generalized_initializers
    Feature record: CXX_FEATURE:0cxx_generic_lambdas
    Feature record: CXX_FEATURE:1cxx_inheriting_constructors
    Feature record: CXX_FEATURE:1cxx_inline_namespaces
    Feature record: CXX_FEATURE:1cxx_lambdas
    Feature record: CXX_FEATURE:0cxx_lambda_init_captures
    Feature record: CXX_FEATURE:1cxx_local_type_template_args
    Feature record: CXX_FEATURE:1cxx_long_long_type
    Feature record: CXX_FEATURE:1cxx_noexcept
    Feature record: CXX_FEATURE:1cxx_nonstatic_member_init
    Feature record: CXX_FEATURE:1cxx_nullptr
    Feature record: CXX_FEATURE:1cxx_override
    Feature record: CXX_FEATURE:1cxx_range_for
    Feature record: CXX_FEATURE:1cxx_raw_string_literals
    Feature record: CXX_FEATURE:1cxx_reference_qualified_functions
    Feature record: CXX_FEATURE:0cxx_relaxed_constexpr
    Feature record: CXX_FEATURE:0cxx_return_type_deduction
    Feature record: CXX_FEATURE:1cxx_right_angle_brackets
    Feature record: CXX_FEATURE:1cxx_rvalue_references
    Feature record: CXX_FEATURE:1cxx_sizeof_member
    Feature record: CXX_FEATURE:1cxx_static_assert
    Feature record: CXX_FEATURE:1cxx_strong_enums
    Feature record: CXX_FEATURE:1cxx_template_template_parameters
    Feature record: CXX_FEATURE:1cxx_thread_local
    Feature record: CXX_FEATURE:1cxx_trailing_return_types
    Feature record: CXX_FEATURE:1cxx_unicode_literals
    Feature record: CXX_FEATURE:1cxx_uniform_initialization
    Feature record: CXX_FEATURE:1cxx_unrestricted_unions
    Feature record: CXX_FEATURE:1cxx_user_literals
    Feature record: CXX_FEATURE:0cxx_variable_templates
    Feature record: CXX_FEATURE:1cxx_variadic_macros
    Feature record: CXX_FEATURE:1cxx_variadic_templates


Detecting CXX [-std=c++98] compiler features compiled with the following output:
Change Dir: /Users/dong/Desktop/lianxi/lianxiplus/3.7.1/cmake-build-debug/CMakeFiles/CMakeTmp

Run Build Command(s):/usr/bin/make cmTC_f822b/fast 
/Library/Developer/CommandLineTools/usr/bin/make -f CMakeFiles/cmTC_f822b.dir/build.make CMakeFiles/cmTC_f822b.dir/build
Building CXX object CMakeFiles/cmTC_f822b.dir/feature_tests.cxx.o
/usr/local/Cellar/gcc/8.3.0_2/bin/g++-8    -isysroot /Library/Developer/CommandLineTools/SDKs/MacOSX10.14.sdk   -std=c++98 -o CMakeFiles/cmTC_f822b.dir/feature_tests.cxx.o -c /Users/dong/Desktop/lianxi/lianxiplus/3.7.1/cmake-build-debug/CMakeFiles/feature_tests.cxx
Linking CXX executable cmTC_f822b
/Applications/CLion.app/Contents/bin/cmake/mac/bin/cmake -E cmake_link_script CMakeFiles/cmTC_f822b.dir/link.txt --verbose=1
/usr/local/Cellar/gcc/8.3.0_2/bin/g++-8    -isysroot /Library/Developer/CommandLineTools/SDKs/MacOSX10.14.sdk -Wl,-search_paths_first -Wl,-headerpad_max_install_names   CMakeFiles/cmTC_f822b.dir/feature_tests.cxx.o  -o cmTC_f822b 


    Feature record: CXX_FEATURE:0cxx_aggregate_default_initializers
    Feature record: CXX_FEATURE:0cxx_alias_templates
    Feature record: CXX_FEATURE:0cxx_alignas
    Feature record: CXX_FEATURE:0cxx_alignof
    Feature record: CXX_FEATURE:0cxx_attributes
    Feature record: CXX_FEATURE:0cxx_attribute_deprecated
    Feature record: CXX_FEATURE:0cxx_auto_type
    Feature record: CXX_FEATURE:0cxx_binary_literals
    Feature record: CXX_FEATURE:0cxx_constexpr
    Feature record: CXX_FEATURE:0cxx_contextual_conversions
    Feature record: CXX_FEATURE:0cxx_decltype
    Feature record: CXX_FEATURE:0cxx_decltype_auto
    Feature record: CXX_FEATURE:0cxx_decltype_incomplete_return_types
    Feature record: CXX_FEATURE:0cxx_default_function_template_args
    Feature record: CXX_FEATURE:0cxx_defaulted_functions
    Feature record: CXX_FEATURE:0cxx_defaulted_move_initializers
    Feature record: CXX_FEATURE:0cxx_delegating_constructors
    Feature record: CXX_FEATURE:0cxx_deleted_functions
    Feature record: CXX_FEATURE:0cxx_digit_separators
    Feature record: CXX_FEATURE:0cxx_enum_forward_declarations
    Feature record: CXX_FEATURE:0cxx_explicit_conversions
    Feature record: CXX_FEATURE:0cxx_extended_friend_declarations
    Feature record: CXX_FEATURE:0cxx_extern_templates
    Feature record: CXX_FEATURE:0cxx_final
    Feature record: CXX_FEATURE:0cxx_func_identifier
    Feature record: CXX_FEATURE:0cxx_generalized_initializers
    Feature record: CXX_FEATURE:0cxx_generic_lambdas
    Feature record: CXX_FEATURE:0cxx_inheriting_constructors
    Feature record: CXX_FEATURE:0cxx_inline_namespaces
    Feature record: CXX_FEATURE:0cxx_lambdas
    Feature record: CXX_FEATURE:0cxx_lambda_init_captures
    Feature record: CXX_FEATURE:0cxx_local_type_template_args
    Feature record: CXX_FEATURE:0cxx_long_long_type
    Feature record: CXX_FEATURE:0cxx_noexcept
    Feature record: CXX_FEATURE:0cxx_nonstatic_member_init
    Feature record: CXX_FEATURE:0cxx_nullptr
    Feature record: CXX_FEATURE:0cxx_override
    Feature record: CXX_FEATURE:0cxx_range_for
    Feature record: CXX_FEATURE:0cxx_raw_string_literals
    Feature record: CXX_FEATURE:0cxx_reference_qualified_functions
    Feature record: CXX_FEATURE:0cxx_relaxed_constexpr
    Feature record: CXX_FEATURE:0cxx_return_type_deduction
    Feature record: CXX_FEATURE:0cxx_right_angle_brackets
    Feature record: CXX_FEATURE:0cxx_rvalue_references
    Feature record: CXX_FEATURE:0cxx_sizeof_member
    Feature record: CXX_FEATURE:0cxx_static_assert
    Feature record: CXX_FEATURE:0cxx_strong_enums
    Feature record: CXX_FEATURE:1cxx_template_template_parameters
    Feature record: CXX_FEATURE:0cxx_thread_local
    Feature record: CXX_FEATURE:0cxx_trailing_return_types
    Feature record: CXX_FEATURE:0cxx_unicode_literals
    Feature record: CXX_FEATURE:0cxx_uniform_initialization
    Feature record: CXX_FEATURE:0cxx_unrestricted_unions
    Feature record: CXX_FEATURE:0cxx_user_literals
    Feature record: CXX_FEATURE:0cxx_variable_templates
    Feature record: CXX_FEATURE:0cxx_variadic_macros
    Feature record: CXX_FEATURE:0cxx_variadic_templates
